method: org.springframework.samples.petclinic.PetClinicApplication.main | lines: 33:35 | file: D:\msdecomp\2022_microservice_tools\code\scripts\metrics\casestudies/spring-petclinic/src/main/java/org/springframework/samples/petclinic/PetClinicApplication.java
commit: 4e1f87407d80cdb4a5a293de89d62034fdcbb847 | author: Dave Syer
commit: 5270246eb587ca4837889aefb37f26b8019aca4f | author: Stephane Nicoll
commit: e38a9feebe1814ada460dea50ba45f11389fdc9f | author: Dave Syer
commit: 616386803ce00784c82ca4453bb569f72917ffee | author: Antoine Rey
commit: be048ae2ac0afb4c3d9863a75c4909025713d58e | author: Antoine Rey
commit: a6e81a51a0739ba2d22afbc10e52eeaa708abe0a | author: Antoine Rey
method: org.springframework.samples.petclinic.model.BaseEntity.getId | lines: 39:41 | file: D:\msdecomp\2022_microservice_tools\code\scripts\metrics\casestudies/spring-petclinic/src/main/java/org/springframework/samples/petclinic/model/BaseEntity.java
commit: 4e1f87407d80cdb4a5a293de89d62034fdcbb847 | author: Dave Syer
commit: 14f882221f9f12de71331ce3eac44c297150c373 | author: Gordon Dickens
commit: 521d01db950e357cf81ef78c50daf290e92b309c | author: Costin Leau
method: org.springframework.samples.petclinic.model.BaseEntity.isNew | lines: 47:49 | file: D:\msdecomp\2022_microservice_tools\code\scripts\metrics\casestudies/spring-petclinic/src/main/java/org/springframework/samples/petclinic/model/BaseEntity.java
commit: 4e1f87407d80cdb4a5a293de89d62034fdcbb847 | author: Dave Syer
commit: ad3d322fc69061d5009460689edfda09af0b53ce | author: Faisal Hameed
commit: 14f882221f9f12de71331ce3eac44c297150c373 | author: Gordon Dickens
commit: 521d01db950e357cf81ef78c50daf290e92b309c | author: Costin Leau
method: org.springframework.samples.petclinic.model.BaseEntity.setId | lines: 43:45 | file: D:\msdecomp\2022_microservice_tools\code\scripts\metrics\casestudies/spring-petclinic/src/main/java/org/springframework/samples/petclinic/model/BaseEntity.java
commit: 4e1f87407d80cdb4a5a293de89d62034fdcbb847 | author: Dave Syer
commit: ad3d322fc69061d5009460689edfda09af0b53ce | author: Faisal Hameed
commit: 14f882221f9f12de71331ce3eac44c297150c373 | author: Gordon Dickens
commit: 521d01db950e357cf81ef78c50daf290e92b309c | author: Costin Leau
method: org.springframework.samples.petclinic.model.NamedEntity.getName | lines: 34:36 | file: D:\msdecomp\2022_microservice_tools\code\scripts\metrics\casestudies/spring-petclinic/src/main/java/org/springframework/samples/petclinic/model/NamedEntity.java
commit: 4e1f87407d80cdb4a5a293de89d62034fdcbb847 | author: Dave Syer
commit: 09ed33a5fc01209b4190c74f405b2b1e523b739c | author: Antoine Rey
method: org.springframework.samples.petclinic.model.NamedEntity.setName | lines: 38:40 | file: D:\msdecomp\2022_microservice_tools\code\scripts\metrics\casestudies/spring-petclinic/src/main/java/org/springframework/samples/petclinic/model/NamedEntity.java
commit: 4e1f87407d80cdb4a5a293de89d62034fdcbb847 | author: Dave Syer
commit: 14f882221f9f12de71331ce3eac44c297150c373 | author: Gordon Dickens
commit: 521d01db950e357cf81ef78c50daf290e92b309c | author: Costin Leau
method: org.springframework.samples.petclinic.model.NamedEntity.toString | lines: 43:45 | file: D:\msdecomp\2022_microservice_tools\code\scripts\metrics\casestudies/spring-petclinic/src/main/java/org/springframework/samples/petclinic/model/NamedEntity.java
commit: 4e1f87407d80cdb4a5a293de89d62034fdcbb847 | author: Dave Syer
commit: 14f882221f9f12de71331ce3eac44c297150c373 | author: Gordon Dickens
commit: 521d01db950e357cf81ef78c50daf290e92b309c | author: Costin Leau
method: org.springframework.samples.petclinic.model.Person.getFirstName | lines: 38:40 | file: D:\msdecomp\2022_microservice_tools\code\scripts\metrics\casestudies/spring-petclinic/src/main/java/org/springframework/samples/petclinic/model/Person.java
commit: 4e1f87407d80cdb4a5a293de89d62034fdcbb847 | author: Dave Syer
commit: 14f882221f9f12de71331ce3eac44c297150c373 | author: Gordon Dickens
commit: 521d01db950e357cf81ef78c50daf290e92b309c | author: Costin Leau
method: org.springframework.samples.petclinic.model.Person.getLastName | lines: 46:48 | file: D:\msdecomp\2022_microservice_tools\code\scripts\metrics\casestudies/spring-petclinic/src/main/java/org/springframework/samples/petclinic/model/Person.java
commit: 4e1f87407d80cdb4a5a293de89d62034fdcbb847 | author: Dave Syer
commit: 14f882221f9f12de71331ce3eac44c297150c373 | author: Gordon Dickens
commit: 521d01db950e357cf81ef78c50daf290e92b309c | author: Costin Leau
method: org.springframework.samples.petclinic.model.Person.setFirstName | lines: 42:44 | file: D:\msdecomp\2022_microservice_tools\code\scripts\metrics\casestudies/spring-petclinic/src/main/java/org/springframework/samples/petclinic/model/Person.java
commit: 4e1f87407d80cdb4a5a293de89d62034fdcbb847 | author: Dave Syer
commit: 14f882221f9f12de71331ce3eac44c297150c373 | author: Gordon Dickens
commit: 521d01db950e357cf81ef78c50daf290e92b309c | author: Costin Leau
method: org.springframework.samples.petclinic.model.Person.setLastName | lines: 50:52 | file: D:\msdecomp\2022_microservice_tools\code\scripts\metrics\casestudies/spring-petclinic/src/main/java/org/springframework/samples/petclinic/model/Person.java
commit: 4e1f87407d80cdb4a5a293de89d62034fdcbb847 | author: Dave Syer
commit: 14f882221f9f12de71331ce3eac44c297150c373 | author: Gordon Dickens
method: org.springframework.samples.petclinic.owner.Owner.Owner | lines: 159:171 | file: D:\msdecomp\2022_microservice_tools\code\scripts\metrics\casestudies/spring-petclinic/src/main/java/org/springframework/samples/petclinic/owner/Owner.java
commit: 472575378c7b377862cc01b713cab38eaa8f9c64 | author: Oliver Drotbohm
method: org.springframework.samples.petclinic.owner.Owner.addPet | lines: 95:99 | file: D:\msdecomp\2022_microservice_tools\code\scripts\metrics\casestudies/spring-petclinic/src/main/java/org/springframework/samples/petclinic/owner/Owner.java
commit: b559077f14b6f1e197228ff6cb7395514f09326f | author: Dave Syer
commit: c9534421c8d4f29b7d2d78636bb42f58b7cdebaa | author: Dave Syer
commit: 4e1f87407d80cdb4a5a293de89d62034fdcbb847 | author: Dave Syer
commit: cf352663366ecabc4ed9aad125e7373e040bca45 | author: Dave Syer
commit: a6e81a51a0739ba2d22afbc10e52eeaa708abe0a | author: Antoine Rey
commit: 09ed33a5fc01209b4190c74f405b2b1e523b739c | author: Antoine Rey
commit: 8b625617cb24353ee906fab080c7677a6ec37870 | author: Antoine Rey
commit: 14f882221f9f12de71331ce3eac44c297150c373 | author: Gordon Dickens
commit: 6eae69719ffc8d3ebd5909e1809d59762639d085 | author: Mic
commit: c9c8c4e085015b14ca6c3db077bac05e36859907 | author: Mic
commit: e9b6aff0d46774284961b06443a0b380337167a3 | author: Mic
commit: 0fe479390b360bcb9e903b1ea749157dbbdde96a | author: Mic
commit: 9f8acc05adf2f245e8c02b6b44e3537dfbe814c1 | author: Mic
commit: 521d01db950e357cf81ef78c50daf290e92b309c | author: Costin Leau
method: org.springframework.samples.petclinic.owner.Owner.addVisit | lines: 159:171 | file: D:\msdecomp\2022_microservice_tools\code\scripts\metrics\casestudies/spring-petclinic/src/main/java/org/springframework/samples/petclinic/owner/Owner.java
commit: 472575378c7b377862cc01b713cab38eaa8f9c64 | author: Oliver Drotbohm
method: org.springframework.samples.petclinic.owner.Owner.getAddress | lines: 67:69 | file: D:\msdecomp\2022_microservice_tools\code\scripts\metrics\casestudies/spring-petclinic/src/main/java/org/springframework/samples/petclinic/owner/Owner.java
commit: 4e1f87407d80cdb4a5a293de89d62034fdcbb847 | author: Dave Syer
commit: cf352663366ecabc4ed9aad125e7373e040bca45 | author: Dave Syer
commit: a6e81a51a0739ba2d22afbc10e52eeaa708abe0a | author: Antoine Rey
commit: 09ed33a5fc01209b4190c74f405b2b1e523b739c | author: Antoine Rey
commit: 8b625617cb24353ee906fab080c7677a6ec37870 | author: Antoine Rey
commit: 14f882221f9f12de71331ce3eac44c297150c373 | author: Gordon Dickens
commit: 6eae69719ffc8d3ebd5909e1809d59762639d085 | author: Mic
commit: c9c8c4e085015b14ca6c3db077bac05e36859907 | author: Mic
commit: e9b6aff0d46774284961b06443a0b380337167a3 | author: Mic
commit: 0fe479390b360bcb9e903b1ea749157dbbdde96a | author: Mic
commit: 9f8acc05adf2f245e8c02b6b44e3537dfbe814c1 | author: Mic
commit: 521d01db950e357cf81ef78c50daf290e92b309c | author: Costin Leau
method: org.springframework.samples.petclinic.owner.Owner.getCity | lines: 75:77 | file: D:\msdecomp\2022_microservice_tools\code\scripts\metrics\casestudies/spring-petclinic/src/main/java/org/springframework/samples/petclinic/owner/Owner.java
commit: 4e1f87407d80cdb4a5a293de89d62034fdcbb847 | author: Dave Syer
commit: cf352663366ecabc4ed9aad125e7373e040bca45 | author: Dave Syer
commit: a6e81a51a0739ba2d22afbc10e52eeaa708abe0a | author: Antoine Rey
commit: 09ed33a5fc01209b4190c74f405b2b1e523b739c | author: Antoine Rey
commit: 8b625617cb24353ee906fab080c7677a6ec37870 | author: Antoine Rey
commit: 14f882221f9f12de71331ce3eac44c297150c373 | author: Gordon Dickens
commit: 6eae69719ffc8d3ebd5909e1809d59762639d085 | author: Mic
commit: c9c8c4e085015b14ca6c3db077bac05e36859907 | author: Mic
commit: e9b6aff0d46774284961b06443a0b380337167a3 | author: Mic
commit: 0fe479390b360bcb9e903b1ea749157dbbdde96a | author: Mic
commit: 9f8acc05adf2f245e8c02b6b44e3537dfbe814c1 | author: Mic
commit: 521d01db950e357cf81ef78c50daf290e92b309c | author: Costin Leau
method: org.springframework.samples.petclinic.owner.Owner.getPet | lines: 91:93 | file: D:\msdecomp\2022_microservice_tools\code\scripts\metrics\casestudies/spring-petclinic/src/main/java/org/springframework/samples/petclinic/owner/Owner.java
commit: b559077f14b6f1e197228ff6cb7395514f09326f | author: Dave Syer
commit: 4e1f87407d80cdb4a5a293de89d62034fdcbb847 | author: Dave Syer
commit: cf352663366ecabc4ed9aad125e7373e040bca45 | author: Dave Syer
commit: a6e81a51a0739ba2d22afbc10e52eeaa708abe0a | author: Antoine Rey
commit: 09ed33a5fc01209b4190c74f405b2b1e523b739c | author: Antoine Rey
commit: 8b625617cb24353ee906fab080c7677a6ec37870 | author: Antoine Rey
commit: 14f882221f9f12de71331ce3eac44c297150c373 | author: Gordon Dickens
commit: 6eae69719ffc8d3ebd5909e1809d59762639d085 | author: Mic
commit: c9c8c4e085015b14ca6c3db077bac05e36859907 | author: Mic
commit: e9b6aff0d46774284961b06443a0b380337167a3 | author: Mic
commit: 0fe479390b360bcb9e903b1ea749157dbbdde96a | author: Mic
commit: 9f8acc05adf2f245e8c02b6b44e3537dfbe814c1 | author: Mic
commit: 521d01db950e357cf81ef78c50daf290e92b309c | author: Costin Leau
method: org.springframework.samples.petclinic.owner.Owner.getPet | lines: 91:93 | file: D:\msdecomp\2022_microservice_tools\code\scripts\metrics\casestudies/spring-petclinic/src/main/java/org/springframework/samples/petclinic/owner/Owner.java
commit: b559077f14b6f1e197228ff6cb7395514f09326f | author: Dave Syer
commit: 4e1f87407d80cdb4a5a293de89d62034fdcbb847 | author: Dave Syer
commit: cf352663366ecabc4ed9aad125e7373e040bca45 | author: Dave Syer
commit: a6e81a51a0739ba2d22afbc10e52eeaa708abe0a | author: Antoine Rey
commit: 09ed33a5fc01209b4190c74f405b2b1e523b739c | author: Antoine Rey
commit: 8b625617cb24353ee906fab080c7677a6ec37870 | author: Antoine Rey
commit: 14f882221f9f12de71331ce3eac44c297150c373 | author: Gordon Dickens
commit: 6eae69719ffc8d3ebd5909e1809d59762639d085 | author: Mic
commit: c9c8c4e085015b14ca6c3db077bac05e36859907 | author: Mic
commit: e9b6aff0d46774284961b06443a0b380337167a3 | author: Mic
commit: 0fe479390b360bcb9e903b1ea749157dbbdde96a | author: Mic
commit: 9f8acc05adf2f245e8c02b6b44e3537dfbe814c1 | author: Mic
commit: 521d01db950e357cf81ef78c50daf290e92b309c | author: Costin Leau
method: org.springframework.samples.petclinic.owner.Owner.getPet | lines: 91:93 | file: D:\msdecomp\2022_microservice_tools\code\scripts\metrics\casestudies/spring-petclinic/src/main/java/org/springframework/samples/petclinic/owner/Owner.java
commit: b559077f14b6f1e197228ff6cb7395514f09326f | author: Dave Syer
commit: 4e1f87407d80cdb4a5a293de89d62034fdcbb847 | author: Dave Syer
commit: cf352663366ecabc4ed9aad125e7373e040bca45 | author: Dave Syer
commit: a6e81a51a0739ba2d22afbc10e52eeaa708abe0a | author: Antoine Rey
commit: 09ed33a5fc01209b4190c74f405b2b1e523b739c | author: Antoine Rey
commit: 8b625617cb24353ee906fab080c7677a6ec37870 | author: Antoine Rey
commit: 14f882221f9f12de71331ce3eac44c297150c373 | author: Gordon Dickens
commit: 6eae69719ffc8d3ebd5909e1809d59762639d085 | author: Mic
commit: c9c8c4e085015b14ca6c3db077bac05e36859907 | author: Mic
commit: e9b6aff0d46774284961b06443a0b380337167a3 | author: Mic
commit: 0fe479390b360bcb9e903b1ea749157dbbdde96a | author: Mic
commit: 9f8acc05adf2f245e8c02b6b44e3537dfbe814c1 | author: Mic
commit: 521d01db950e357cf81ef78c50daf290e92b309c | author: Costin Leau
method: org.springframework.samples.petclinic.owner.Owner.getPets | lines: 91:93 | file: D:\msdecomp\2022_microservice_tools\code\scripts\metrics\casestudies/spring-petclinic/src/main/java/org/springframework/samples/petclinic/owner/Owner.java
commit: b559077f14b6f1e197228ff6cb7395514f09326f | author: Dave Syer
commit: 4e1f87407d80cdb4a5a293de89d62034fdcbb847 | author: Dave Syer
commit: cf352663366ecabc4ed9aad125e7373e040bca45 | author: Dave Syer
commit: a6e81a51a0739ba2d22afbc10e52eeaa708abe0a | author: Antoine Rey
commit: 09ed33a5fc01209b4190c74f405b2b1e523b739c | author: Antoine Rey
commit: 8b625617cb24353ee906fab080c7677a6ec37870 | author: Antoine Rey
commit: 14f882221f9f12de71331ce3eac44c297150c373 | author: Gordon Dickens
commit: 6eae69719ffc8d3ebd5909e1809d59762639d085 | author: Mic
commit: c9c8c4e085015b14ca6c3db077bac05e36859907 | author: Mic
commit: e9b6aff0d46774284961b06443a0b380337167a3 | author: Mic
commit: 0fe479390b360bcb9e903b1ea749157dbbdde96a | author: Mic
commit: 9f8acc05adf2f245e8c02b6b44e3537dfbe814c1 | author: Mic
commit: 521d01db950e357cf81ef78c50daf290e92b309c | author: Costin Leau
method: org.springframework.samples.petclinic.owner.Owner.getTelephone | lines: 83:85 | file: D:\msdecomp\2022_microservice_tools\code\scripts\metrics\casestudies/spring-petclinic/src/main/java/org/springframework/samples/petclinic/owner/Owner.java
commit: 4e1f87407d80cdb4a5a293de89d62034fdcbb847 | author: Dave Syer
commit: cf352663366ecabc4ed9aad125e7373e040bca45 | author: Dave Syer
commit: a6e81a51a0739ba2d22afbc10e52eeaa708abe0a | author: Antoine Rey
commit: 09ed33a5fc01209b4190c74f405b2b1e523b739c | author: Antoine Rey
commit: 8b625617cb24353ee906fab080c7677a6ec37870 | author: Antoine Rey
commit: 14f882221f9f12de71331ce3eac44c297150c373 | author: Gordon Dickens
commit: 6eae69719ffc8d3ebd5909e1809d59762639d085 | author: Mic
commit: c9c8c4e085015b14ca6c3db077bac05e36859907 | author: Mic
commit: e9b6aff0d46774284961b06443a0b380337167a3 | author: Mic
commit: 0fe479390b360bcb9e903b1ea749157dbbdde96a | author: Mic
commit: 9f8acc05adf2f245e8c02b6b44e3537dfbe814c1 | author: Mic
commit: 521d01db950e357cf81ef78c50daf290e92b309c | author: Costin Leau
method: org.springframework.samples.petclinic.owner.Owner.isNew | lines: 96:98 | file: D:\msdecomp\2022_microservice_tools\code\scripts\metrics\casestudies/spring-petclinic/src/main/java/org/springframework/samples/petclinic/owner/Owner.java
commit: b559077f14b6f1e197228ff6cb7395514f09326f | author: Dave Syer
commit: 4e1f87407d80cdb4a5a293de89d62034fdcbb847 | author: Dave Syer
commit: cf352663366ecabc4ed9aad125e7373e040bca45 | author: Dave Syer
commit: a6e81a51a0739ba2d22afbc10e52eeaa708abe0a | author: Antoine Rey
commit: 09ed33a5fc01209b4190c74f405b2b1e523b739c | author: Antoine Rey
commit: 8b625617cb24353ee906fab080c7677a6ec37870 | author: Antoine Rey
commit: 14f882221f9f12de71331ce3eac44c297150c373 | author: Gordon Dickens
commit: 6eae69719ffc8d3ebd5909e1809d59762639d085 | author: Mic
commit: c9c8c4e085015b14ca6c3db077bac05e36859907 | author: Mic
commit: e9b6aff0d46774284961b06443a0b380337167a3 | author: Mic
commit: 0fe479390b360bcb9e903b1ea749157dbbdde96a | author: Mic
commit: 9f8acc05adf2f245e8c02b6b44e3537dfbe814c1 | author: Mic
commit: 521d01db950e357cf81ef78c50daf290e92b309c | author: Costin Leau
method: org.springframework.samples.petclinic.owner.Owner.setAddress | lines: 71:73 | file: D:\msdecomp\2022_microservice_tools\code\scripts\metrics\casestudies/spring-petclinic/src/main/java/org/springframework/samples/petclinic/owner/Owner.java
commit: 4e1f87407d80cdb4a5a293de89d62034fdcbb847 | author: Dave Syer
commit: cf352663366ecabc4ed9aad125e7373e040bca45 | author: Dave Syer
commit: a6e81a51a0739ba2d22afbc10e52eeaa708abe0a | author: Antoine Rey
commit: 09ed33a5fc01209b4190c74f405b2b1e523b739c | author: Antoine Rey
commit: 8b625617cb24353ee906fab080c7677a6ec37870 | author: Antoine Rey
commit: 14f882221f9f12de71331ce3eac44c297150c373 | author: Gordon Dickens
commit: 6eae69719ffc8d3ebd5909e1809d59762639d085 | author: Mic
commit: c9c8c4e085015b14ca6c3db077bac05e36859907 | author: Mic
commit: e9b6aff0d46774284961b06443a0b380337167a3 | author: Mic
commit: 0fe479390b360bcb9e903b1ea749157dbbdde96a | author: Mic
commit: 9f8acc05adf2f245e8c02b6b44e3537dfbe814c1 | author: Mic
commit: 521d01db950e357cf81ef78c50daf290e92b309c | author: Costin Leau
method: org.springframework.samples.petclinic.owner.Owner.setCity | lines: 79:81 | file: D:\msdecomp\2022_microservice_tools\code\scripts\metrics\casestudies/spring-petclinic/src/main/java/org/springframework/samples/petclinic/owner/Owner.java
commit: 4e1f87407d80cdb4a5a293de89d62034fdcbb847 | author: Dave Syer
commit: cf352663366ecabc4ed9aad125e7373e040bca45 | author: Dave Syer
commit: a6e81a51a0739ba2d22afbc10e52eeaa708abe0a | author: Antoine Rey
commit: 09ed33a5fc01209b4190c74f405b2b1e523b739c | author: Antoine Rey
commit: 8b625617cb24353ee906fab080c7677a6ec37870 | author: Antoine Rey
commit: 14f882221f9f12de71331ce3eac44c297150c373 | author: Gordon Dickens
commit: 6eae69719ffc8d3ebd5909e1809d59762639d085 | author: Mic
commit: c9c8c4e085015b14ca6c3db077bac05e36859907 | author: Mic
commit: e9b6aff0d46774284961b06443a0b380337167a3 | author: Mic
commit: 0fe479390b360bcb9e903b1ea749157dbbdde96a | author: Mic
commit: 9f8acc05adf2f245e8c02b6b44e3537dfbe814c1 | author: Mic
commit: 521d01db950e357cf81ef78c50daf290e92b309c | author: Costin Leau
method: org.springframework.samples.petclinic.owner.Owner.setTelephone | lines: 87:89 | file: D:\msdecomp\2022_microservice_tools\code\scripts\metrics\casestudies/spring-petclinic/src/main/java/org/springframework/samples/petclinic/owner/Owner.java
commit: 4e1f87407d80cdb4a5a293de89d62034fdcbb847 | author: Dave Syer
commit: cf352663366ecabc4ed9aad125e7373e040bca45 | author: Dave Syer
commit: a6e81a51a0739ba2d22afbc10e52eeaa708abe0a | author: Antoine Rey
commit: 09ed33a5fc01209b4190c74f405b2b1e523b739c | author: Antoine Rey
commit: 8b625617cb24353ee906fab080c7677a6ec37870 | author: Antoine Rey
commit: 14f882221f9f12de71331ce3eac44c297150c373 | author: Gordon Dickens
commit: 6eae69719ffc8d3ebd5909e1809d59762639d085 | author: Mic
commit: c9c8c4e085015b14ca6c3db077bac05e36859907 | author: Mic
commit: e9b6aff0d46774284961b06443a0b380337167a3 | author: Mic
commit: 0fe479390b360bcb9e903b1ea749157dbbdde96a | author: Mic
commit: 9f8acc05adf2f245e8c02b6b44e3537dfbe814c1 | author: Mic
commit: 521d01db950e357cf81ef78c50daf290e92b309c | author: Costin Leau
method: org.springframework.samples.petclinic.owner.Owner.toString | lines: 147:152 | file: D:\msdecomp\2022_microservice_tools\code\scripts\metrics\casestudies/spring-petclinic/src/main/java/org/springframework/samples/petclinic/owner/Owner.java
commit: c9534421c8d4f29b7d2d78636bb42f58b7cdebaa | author: Dave Syer
commit: 4e1f87407d80cdb4a5a293de89d62034fdcbb847 | author: Dave Syer
commit: cf352663366ecabc4ed9aad125e7373e040bca45 | author: Dave Syer
commit: a6e81a51a0739ba2d22afbc10e52eeaa708abe0a | author: Antoine Rey
commit: 09ed33a5fc01209b4190c74f405b2b1e523b739c | author: Antoine Rey
commit: 8b625617cb24353ee906fab080c7677a6ec37870 | author: Antoine Rey
commit: 14f882221f9f12de71331ce3eac44c297150c373 | author: Gordon Dickens
commit: 6eae69719ffc8d3ebd5909e1809d59762639d085 | author: Mic
commit: c9c8c4e085015b14ca6c3db077bac05e36859907 | author: Mic
commit: e9b6aff0d46774284961b06443a0b380337167a3 | author: Mic
commit: 0fe479390b360bcb9e903b1ea749157dbbdde96a | author: Mic
commit: 9f8acc05adf2f245e8c02b6b44e3537dfbe814c1 | author: Mic
commit: 521d01db950e357cf81ef78c50daf290e92b309c | author: Costin Leau
method: org.springframework.samples.petclinic.owner.OwnerController.OwnerController | lines: 51:53 | file: D:\msdecomp\2022_microservice_tools\code\scripts\metrics\casestudies/spring-petclinic/src/main/java/org/springframework/samples/petclinic/owner/OwnerController.java
commit: 58fe6298f83615fbcc14d55b47d09c947d9a958d | author: Dave Syer
commit: 8ad9c05f74a96f46dd4211766fbb0bc78d48f94d | author: simrin051
commit: 4e1f87407d80cdb4a5a293de89d62034fdcbb847 | author: Dave Syer
commit: 7ef045dac8effb41d5f24c1e1011869b59a3d0a2 | author: Dave Syer
commit: 5270246eb587ca4837889aefb37f26b8019aca4f | author: Stephane Nicoll
commit: 4be8ba2c4349616e1da9d8232250e20da2daec47 | author: Antoine Rey
commit: 83ff9a50e378529993f4f772457dd24791b46438 | author: Dave Syer
commit: ad3d322fc69061d5009460689edfda09af0b53ce | author: Faisal Hameed
commit: 4aa89ae4e2b75e37aa8869b48ab1908e61af74e0 | author: Antoine Rey
commit: dd552f497084f240eec49e4373de5f6a2af64b0a | author: Antoine Rey
commit: 3bcf84543ec586173731942a83178eed561f7d3a | author: Antoine Rey
commit: 09ed33a5fc01209b4190c74f405b2b1e523b739c | author: Antoine Rey
commit: f7498c79df1ce585d4025f3f64d34d205143c868 | author: Tomas Repel
commit: 1c9b40124869f350c84a953fd62d7582965b8ca5 | author: michaelisvy
commit: 2b0d07bbbae512120ee0a3171972264e60548507 | author: Mic
commit: 14f882221f9f12de71331ce3eac44c297150c373 | author: Gordon Dickens
commit: a994785f73a848058a4bad7b5bb2ef00f1b2fa2c | author: Mic
commit: 3e66379be13f114f92c01eb0e9a19d11e94a9988 | author: Rossen Stoyanchev
commit: ae9085de62f042dedf55ee49fdd30400fcbc4373 | author: Mic
commit: 74eb3e72fe825a2ec2139225260c20e495e7226c | author: Mic
commit: c9c8c4e085015b14ca6c3db077bac05e36859907 | author: Mic
commit: 0fe479390b360bcb9e903b1ea749157dbbdde96a | author: Mic
commit: df5c5ca59d50030b3353f8b140e69cae85b3cd05 | author: Mic
commit: aeeeace8a2276516960bc9b99a46f13a41bcccd0 | author: Mic
commit: 521d01db950e357cf81ef78c50daf290e92b309c | author: Costin Leau
method: org.springframework.samples.petclinic.owner.OwnerController.addPaginationModel | lines: 113:121 | file: D:\msdecomp\2022_microservice_tools\code\scripts\metrics\casestudies/spring-petclinic/src/main/java/org/springframework/samples/petclinic/owner/OwnerController.java
commit: 80d03f3cefadd64488fb60ce5bcd9f6ab3d44000 | author: kvaithin
commit: 8ad9c05f74a96f46dd4211766fbb0bc78d48f94d | author: simrin051
method: org.springframework.samples.petclinic.owner.OwnerController.findOwner | lines: 61:63 | file: D:\msdecomp\2022_microservice_tools\code\scripts\metrics\casestudies/spring-petclinic/src/main/java/org/springframework/samples/petclinic/owner/OwnerController.java
commit: d381fb658cb435a04e2271ca85bd3e8627a5e7e4 | author: Dave Syer
method: org.springframework.samples.petclinic.owner.OwnerController.findPaginatedForOwnersLastName | lines: 123:127 | file: D:\msdecomp\2022_microservice_tools\code\scripts\metrics\casestudies/spring-petclinic/src/main/java/org/springframework/samples/petclinic/owner/OwnerController.java
commit: f48227aea0e4056e1b9105494ea2f6360f3975f3 | author: Kiyeon Cho
commit: 8ad9c05f74a96f46dd4211766fbb0bc78d48f94d | author: simrin051
method: org.springframework.samples.petclinic.owner.OwnerController.initCreationForm | lines: 66:70 | file: D:\msdecomp\2022_microservice_tools\code\scripts\metrics\casestudies/spring-petclinic/src/main/java/org/springframework/samples/petclinic/owner/OwnerController.java
commit: 4e1f87407d80cdb4a5a293de89d62034fdcbb847 | author: Dave Syer
commit: 7ef045dac8effb41d5f24c1e1011869b59a3d0a2 | author: Dave Syer
commit: 5270246eb587ca4837889aefb37f26b8019aca4f | author: Stephane Nicoll
commit: 4be8ba2c4349616e1da9d8232250e20da2daec47 | author: Antoine Rey
commit: 83ff9a50e378529993f4f772457dd24791b46438 | author: Dave Syer
commit: ad3d322fc69061d5009460689edfda09af0b53ce | author: Faisal Hameed
commit: 4aa89ae4e2b75e37aa8869b48ab1908e61af74e0 | author: Antoine Rey
commit: dd552f497084f240eec49e4373de5f6a2af64b0a | author: Antoine Rey
commit: 3bcf84543ec586173731942a83178eed561f7d3a | author: Antoine Rey
commit: 09ed33a5fc01209b4190c74f405b2b1e523b739c | author: Antoine Rey
commit: f7498c79df1ce585d4025f3f64d34d205143c868 | author: Tomas Repel
commit: 1c9b40124869f350c84a953fd62d7582965b8ca5 | author: michaelisvy
commit: 2b0d07bbbae512120ee0a3171972264e60548507 | author: Mic
commit: 14f882221f9f12de71331ce3eac44c297150c373 | author: Gordon Dickens
commit: a994785f73a848058a4bad7b5bb2ef00f1b2fa2c | author: Mic
commit: 3e66379be13f114f92c01eb0e9a19d11e94a9988 | author: Rossen Stoyanchev
commit: ae9085de62f042dedf55ee49fdd30400fcbc4373 | author: Mic
commit: 74eb3e72fe825a2ec2139225260c20e495e7226c | author: Mic
commit: c9c8c4e085015b14ca6c3db077bac05e36859907 | author: Mic
commit: 0fe479390b360bcb9e903b1ea749157dbbdde96a | author: Mic
commit: df5c5ca59d50030b3353f8b140e69cae85b3cd05 | author: Mic
commit: aeeeace8a2276516960bc9b99a46f13a41bcccd0 | author: Mic
commit: 521d01db950e357cf81ef78c50daf290e92b309c | author: Costin Leau
method: org.springframework.samples.petclinic.owner.OwnerController.initFindForm | lines: 83:85 | file: D:\msdecomp\2022_microservice_tools\code\scripts\metrics\casestudies/spring-petclinic/src/main/java/org/springframework/samples/petclinic/owner/OwnerController.java
commit: b298af380dfe37cbab19fe8328e89adb0cdded1a | author: Dave Syer
commit: 4e1f87407d80cdb4a5a293de89d62034fdcbb847 | author: Dave Syer
commit: 7ef045dac8effb41d5f24c1e1011869b59a3d0a2 | author: Dave Syer
commit: 5270246eb587ca4837889aefb37f26b8019aca4f | author: Stephane Nicoll
commit: 4be8ba2c4349616e1da9d8232250e20da2daec47 | author: Antoine Rey
commit: 83ff9a50e378529993f4f772457dd24791b46438 | author: Dave Syer
commit: ad3d322fc69061d5009460689edfda09af0b53ce | author: Faisal Hameed
commit: 4aa89ae4e2b75e37aa8869b48ab1908e61af74e0 | author: Antoine Rey
commit: dd552f497084f240eec49e4373de5f6a2af64b0a | author: Antoine Rey
commit: 3bcf84543ec586173731942a83178eed561f7d3a | author: Antoine Rey
commit: 09ed33a5fc01209b4190c74f405b2b1e523b739c | author: Antoine Rey
commit: f7498c79df1ce585d4025f3f64d34d205143c868 | author: Tomas Repel
commit: 1c9b40124869f350c84a953fd62d7582965b8ca5 | author: michaelisvy
commit: 2b0d07bbbae512120ee0a3171972264e60548507 | author: Mic
commit: 14f882221f9f12de71331ce3eac44c297150c373 | author: Gordon Dickens
commit: a994785f73a848058a4bad7b5bb2ef00f1b2fa2c | author: Mic
commit: 3e66379be13f114f92c01eb0e9a19d11e94a9988 | author: Rossen Stoyanchev
commit: ae9085de62f042dedf55ee49fdd30400fcbc4373 | author: Mic
commit: 74eb3e72fe825a2ec2139225260c20e495e7226c | author: Mic
commit: c9c8c4e085015b14ca6c3db077bac05e36859907 | author: Mic
commit: 0fe479390b360bcb9e903b1ea749157dbbdde96a | author: Mic
commit: df5c5ca59d50030b3353f8b140e69cae85b3cd05 | author: Mic
commit: aeeeace8a2276516960bc9b99a46f13a41bcccd0 | author: Mic
commit: 521d01db950e357cf81ef78c50daf290e92b309c | author: Costin Leau
method: org.springframework.samples.petclinic.owner.OwnerController.initUpdateOwnerForm | lines: 130:134 | file: D:\msdecomp\2022_microservice_tools\code\scripts\metrics\casestudies/spring-petclinic/src/main/java/org/springframework/samples/petclinic/owner/OwnerController.java
commit: 4e1f87407d80cdb4a5a293de89d62034fdcbb847 | author: Dave Syer
commit: 7ef045dac8effb41d5f24c1e1011869b59a3d0a2 | author: Dave Syer
commit: 5270246eb587ca4837889aefb37f26b8019aca4f | author: Stephane Nicoll
commit: 4be8ba2c4349616e1da9d8232250e20da2daec47 | author: Antoine Rey
commit: 83ff9a50e378529993f4f772457dd24791b46438 | author: Dave Syer
commit: ad3d322fc69061d5009460689edfda09af0b53ce | author: Faisal Hameed
commit: 4aa89ae4e2b75e37aa8869b48ab1908e61af74e0 | author: Antoine Rey
commit: dd552f497084f240eec49e4373de5f6a2af64b0a | author: Antoine Rey
commit: 3bcf84543ec586173731942a83178eed561f7d3a | author: Antoine Rey
commit: 09ed33a5fc01209b4190c74f405b2b1e523b739c | author: Antoine Rey
commit: f7498c79df1ce585d4025f3f64d34d205143c868 | author: Tomas Repel
commit: 1c9b40124869f350c84a953fd62d7582965b8ca5 | author: michaelisvy
commit: 2b0d07bbbae512120ee0a3171972264e60548507 | author: Mic
commit: 14f882221f9f12de71331ce3eac44c297150c373 | author: Gordon Dickens
commit: a994785f73a848058a4bad7b5bb2ef00f1b2fa2c | author: Mic
commit: 3e66379be13f114f92c01eb0e9a19d11e94a9988 | author: Rossen Stoyanchev
commit: ae9085de62f042dedf55ee49fdd30400fcbc4373 | author: Mic
commit: 74eb3e72fe825a2ec2139225260c20e495e7226c | author: Mic
commit: c9c8c4e085015b14ca6c3db077bac05e36859907 | author: Mic
commit: 0fe479390b360bcb9e903b1ea749157dbbdde96a | author: Mic
commit: df5c5ca59d50030b3353f8b140e69cae85b3cd05 | author: Mic
commit: aeeeace8a2276516960bc9b99a46f13a41bcccd0 | author: Mic
commit: 521d01db950e357cf81ef78c50daf290e92b309c | author: Costin Leau
method: org.springframework.samples.petclinic.owner.OwnerController.processCreationForm | lines: 73:80 | file: D:\msdecomp\2022_microservice_tools\code\scripts\metrics\casestudies/spring-petclinic/src/main/java/org/springframework/samples/petclinic/owner/OwnerController.java
commit: f48227aea0e4056e1b9105494ea2f6360f3975f3 | author: Kiyeon Cho
commit: 4e1f87407d80cdb4a5a293de89d62034fdcbb847 | author: Dave Syer
commit: 7ef045dac8effb41d5f24c1e1011869b59a3d0a2 | author: Dave Syer
commit: 5270246eb587ca4837889aefb37f26b8019aca4f | author: Stephane Nicoll
commit: 4be8ba2c4349616e1da9d8232250e20da2daec47 | author: Antoine Rey
commit: 83ff9a50e378529993f4f772457dd24791b46438 | author: Dave Syer
commit: ad3d322fc69061d5009460689edfda09af0b53ce | author: Faisal Hameed
commit: 4aa89ae4e2b75e37aa8869b48ab1908e61af74e0 | author: Antoine Rey
commit: dd552f497084f240eec49e4373de5f6a2af64b0a | author: Antoine Rey
commit: 3bcf84543ec586173731942a83178eed561f7d3a | author: Antoine Rey
commit: 09ed33a5fc01209b4190c74f405b2b1e523b739c | author: Antoine Rey
commit: f7498c79df1ce585d4025f3f64d34d205143c868 | author: Tomas Repel
commit: 1c9b40124869f350c84a953fd62d7582965b8ca5 | author: michaelisvy
commit: 2b0d07bbbae512120ee0a3171972264e60548507 | author: Mic
commit: 14f882221f9f12de71331ce3eac44c297150c373 | author: Gordon Dickens
commit: a994785f73a848058a4bad7b5bb2ef00f1b2fa2c | author: Mic
commit: 3e66379be13f114f92c01eb0e9a19d11e94a9988 | author: Rossen Stoyanchev
commit: ae9085de62f042dedf55ee49fdd30400fcbc4373 | author: Mic
commit: 74eb3e72fe825a2ec2139225260c20e495e7226c | author: Mic
commit: c9c8c4e085015b14ca6c3db077bac05e36859907 | author: Mic
commit: 0fe479390b360bcb9e903b1ea749157dbbdde96a | author: Mic
commit: df5c5ca59d50030b3353f8b140e69cae85b3cd05 | author: Mic
commit: aeeeace8a2276516960bc9b99a46f13a41bcccd0 | author: Mic
commit: 521d01db950e357cf81ef78c50daf290e92b309c | author: Costin Leau
method: org.springframework.samples.petclinic.owner.OwnerController.setAllowedFields | lines: 56:58 | file: D:\msdecomp\2022_microservice_tools\code\scripts\metrics\casestudies/spring-petclinic/src/main/java/org/springframework/samples/petclinic/owner/OwnerController.java
commit: 4e1f87407d80cdb4a5a293de89d62034fdcbb847 | author: Dave Syer
commit: 7ef045dac8effb41d5f24c1e1011869b59a3d0a2 | author: Dave Syer
commit: 5270246eb587ca4837889aefb37f26b8019aca4f | author: Stephane Nicoll
commit: 4be8ba2c4349616e1da9d8232250e20da2daec47 | author: Antoine Rey
commit: 83ff9a50e378529993f4f772457dd24791b46438 | author: Dave Syer
commit: ad3d322fc69061d5009460689edfda09af0b53ce | author: Faisal Hameed
commit: 4aa89ae4e2b75e37aa8869b48ab1908e61af74e0 | author: Antoine Rey
commit: dd552f497084f240eec49e4373de5f6a2af64b0a | author: Antoine Rey
commit: 3bcf84543ec586173731942a83178eed561f7d3a | author: Antoine Rey
commit: 09ed33a5fc01209b4190c74f405b2b1e523b739c | author: Antoine Rey
commit: f7498c79df1ce585d4025f3f64d34d205143c868 | author: Tomas Repel
commit: 1c9b40124869f350c84a953fd62d7582965b8ca5 | author: michaelisvy
commit: 2b0d07bbbae512120ee0a3171972264e60548507 | author: Mic
commit: 14f882221f9f12de71331ce3eac44c297150c373 | author: Gordon Dickens
commit: a994785f73a848058a4bad7b5bb2ef00f1b2fa2c | author: Mic
commit: 3e66379be13f114f92c01eb0e9a19d11e94a9988 | author: Rossen Stoyanchev
commit: ae9085de62f042dedf55ee49fdd30400fcbc4373 | author: Mic
commit: 74eb3e72fe825a2ec2139225260c20e495e7226c | author: Mic
commit: c9c8c4e085015b14ca6c3db077bac05e36859907 | author: Mic
commit: 0fe479390b360bcb9e903b1ea749157dbbdde96a | author: Mic
commit: df5c5ca59d50030b3353f8b140e69cae85b3cd05 | author: Mic
commit: aeeeace8a2276516960bc9b99a46f13a41bcccd0 | author: Mic
commit: 521d01db950e357cf81ef78c50daf290e92b309c | author: Costin Leau
method: org.springframework.samples.petclinic.owner.OwnerController.showOwner | lines: 154:159 | file: D:\msdecomp\2022_microservice_tools\code\scripts\metrics\casestudies/spring-petclinic/src/main/java/org/springframework/samples/petclinic/owner/OwnerController.java
commit: bdcaa85460a9598ac991793bd522ff9aa00a4a9b | author: Dave Syer
commit: e765e3ffe16002beb30c6a5c6f06409816259bf4 | author: Dave Syer
commit: 58fe6298f83615fbcc14d55b47d09c947d9a958d | author: Dave Syer
commit: 4e1f87407d80cdb4a5a293de89d62034fdcbb847 | author: Dave Syer
commit: 7ef045dac8effb41d5f24c1e1011869b59a3d0a2 | author: Dave Syer
commit: 5270246eb587ca4837889aefb37f26b8019aca4f | author: Stephane Nicoll
commit: 4be8ba2c4349616e1da9d8232250e20da2daec47 | author: Antoine Rey
commit: 83ff9a50e378529993f4f772457dd24791b46438 | author: Dave Syer
commit: ad3d322fc69061d5009460689edfda09af0b53ce | author: Faisal Hameed
commit: 4aa89ae4e2b75e37aa8869b48ab1908e61af74e0 | author: Antoine Rey
commit: dd552f497084f240eec49e4373de5f6a2af64b0a | author: Antoine Rey
commit: 3bcf84543ec586173731942a83178eed561f7d3a | author: Antoine Rey
commit: 09ed33a5fc01209b4190c74f405b2b1e523b739c | author: Antoine Rey
commit: f7498c79df1ce585d4025f3f64d34d205143c868 | author: Tomas Repel
commit: 1c9b40124869f350c84a953fd62d7582965b8ca5 | author: michaelisvy
commit: 2b0d07bbbae512120ee0a3171972264e60548507 | author: Mic
commit: 14f882221f9f12de71331ce3eac44c297150c373 | author: Gordon Dickens
commit: a994785f73a848058a4bad7b5bb2ef00f1b2fa2c | author: Mic
commit: 3e66379be13f114f92c01eb0e9a19d11e94a9988 | author: Rossen Stoyanchev
commit: ae9085de62f042dedf55ee49fdd30400fcbc4373 | author: Mic
commit: 74eb3e72fe825a2ec2139225260c20e495e7226c | author: Mic
commit: c9c8c4e085015b14ca6c3db077bac05e36859907 | author: Mic
commit: 0fe479390b360bcb9e903b1ea749157dbbdde96a | author: Mic
commit: df5c5ca59d50030b3353f8b140e69cae85b3cd05 | author: Mic
commit: aeeeace8a2276516960bc9b99a46f13a41bcccd0 | author: Mic
commit: 521d01db950e357cf81ef78c50daf290e92b309c | author: Costin Leau
method: org.springframework.samples.petclinic.owner.Pet.Pet | lines: 68:70 | file: D:\msdecomp\2022_microservice_tools\code\scripts\metrics\casestudies/spring-petclinic/src/main/java/org/springframework/samples/petclinic/owner/Pet.java
commit: 4e1f87407d80cdb4a5a293de89d62034fdcbb847 | author: Dave Syer
commit: 7ef045dac8effb41d5f24c1e1011869b59a3d0a2 | author: Dave Syer
commit: c0748e3e8224ab91bb7fea41a5bc0c71158e2ce8 | author: Antoine Rey
commit: 45da5a4d3b7ac2aae6bd6a43cafa0e2e2c646cc5 | author: Oscar Utbult
commit: 63dadcc07f5f28e40afc02dca5e779d96dc018e6 | author: Dave Syer
commit: 83ff9a50e378529993f4f772457dd24791b46438 | author: Dave Syer
commit: e38a9feebe1814ada460dea50ba45f11389fdc9f | author: Dave Syer
commit: a9b6565fcf24d59ec29f32c4d8e5c9001d7e1988 | author: Dapeng
commit: 92de6557e10b610f3ea6579a6be67c53c4f766bc | author: Antoine Rey
commit: 09ed33a5fc01209b4190c74f405b2b1e523b739c | author: Antoine Rey
commit: 8b625617cb24353ee906fab080c7677a6ec37870 | author: Antoine Rey
commit: 14f882221f9f12de71331ce3eac44c297150c373 | author: Gordon Dickens
commit: 57c904312191bc103e638e7db82b4ad4a19c0897 | author: Mic
commit: f44e383462444a51ce5cb632db4554aedf2c85ee | author: Mic
commit: d88b565d28d27e06ea0aa206dc2fc0ea6cd8e145 | author: Mic
commit: 9f8acc05adf2f245e8c02b6b44e3537dfbe814c1 | author: Mic
commit: 521d01db950e357cf81ef78c50daf290e92b309c | author: Costin Leau
method: org.springframework.samples.petclinic.owner.Pet.addVisit | lines: 80:82 | file: D:\msdecomp\2022_microservice_tools\code\scripts\metrics\casestudies/spring-petclinic/src/main/java/org/springframework/samples/petclinic/owner/Pet.java
commit: b559077f14b6f1e197228ff6cb7395514f09326f | author: Dave Syer
commit: 58fe6298f83615fbcc14d55b47d09c947d9a958d | author: Dave Syer
commit: 4e1f87407d80cdb4a5a293de89d62034fdcbb847 | author: Dave Syer
commit: 7ef045dac8effb41d5f24c1e1011869b59a3d0a2 | author: Dave Syer
commit: c0748e3e8224ab91bb7fea41a5bc0c71158e2ce8 | author: Antoine Rey
commit: 45da5a4d3b7ac2aae6bd6a43cafa0e2e2c646cc5 | author: Oscar Utbult
commit: 63dadcc07f5f28e40afc02dca5e779d96dc018e6 | author: Dave Syer
commit: 83ff9a50e378529993f4f772457dd24791b46438 | author: Dave Syer
commit: e38a9feebe1814ada460dea50ba45f11389fdc9f | author: Dave Syer
commit: a9b6565fcf24d59ec29f32c4d8e5c9001d7e1988 | author: Dapeng
commit: 92de6557e10b610f3ea6579a6be67c53c4f766bc | author: Antoine Rey
commit: 09ed33a5fc01209b4190c74f405b2b1e523b739c | author: Antoine Rey
commit: 8b625617cb24353ee906fab080c7677a6ec37870 | author: Antoine Rey
commit: 14f882221f9f12de71331ce3eac44c297150c373 | author: Gordon Dickens
commit: 57c904312191bc103e638e7db82b4ad4a19c0897 | author: Mic
commit: f44e383462444a51ce5cb632db4554aedf2c85ee | author: Mic
commit: d88b565d28d27e06ea0aa206dc2fc0ea6cd8e145 | author: Mic
commit: 9f8acc05adf2f245e8c02b6b44e3537dfbe814c1 | author: Mic
commit: 521d01db950e357cf81ef78c50daf290e92b309c | author: Costin Leau
method: org.springframework.samples.petclinic.owner.Pet.getBirthDate | lines: 64:66 | file: D:\msdecomp\2022_microservice_tools\code\scripts\metrics\casestudies/spring-petclinic/src/main/java/org/springframework/samples/petclinic/owner/Pet.java
commit: 4e1f87407d80cdb4a5a293de89d62034fdcbb847 | author: Dave Syer
commit: 7ef045dac8effb41d5f24c1e1011869b59a3d0a2 | author: Dave Syer
commit: c0748e3e8224ab91bb7fea41a5bc0c71158e2ce8 | author: Antoine Rey
commit: 45da5a4d3b7ac2aae6bd6a43cafa0e2e2c646cc5 | author: Oscar Utbult
commit: 63dadcc07f5f28e40afc02dca5e779d96dc018e6 | author: Dave Syer
commit: 83ff9a50e378529993f4f772457dd24791b46438 | author: Dave Syer
commit: e38a9feebe1814ada460dea50ba45f11389fdc9f | author: Dave Syer
commit: a9b6565fcf24d59ec29f32c4d8e5c9001d7e1988 | author: Dapeng
commit: 92de6557e10b610f3ea6579a6be67c53c4f766bc | author: Antoine Rey
commit: 09ed33a5fc01209b4190c74f405b2b1e523b739c | author: Antoine Rey
commit: 8b625617cb24353ee906fab080c7677a6ec37870 | author: Antoine Rey
commit: 14f882221f9f12de71331ce3eac44c297150c373 | author: Gordon Dickens
commit: 57c904312191bc103e638e7db82b4ad4a19c0897 | author: Mic
commit: f44e383462444a51ce5cb632db4554aedf2c85ee | author: Mic
commit: d88b565d28d27e06ea0aa206dc2fc0ea6cd8e145 | author: Mic
commit: 9f8acc05adf2f245e8c02b6b44e3537dfbe814c1 | author: Mic
commit: 521d01db950e357cf81ef78c50daf290e92b309c | author: Costin Leau
method: org.springframework.samples.petclinic.owner.Pet.getType | lines: 68:70 | file: D:\msdecomp\2022_microservice_tools\code\scripts\metrics\casestudies/spring-petclinic/src/main/java/org/springframework/samples/petclinic/owner/Pet.java
commit: 4e1f87407d80cdb4a5a293de89d62034fdcbb847 | author: Dave Syer
commit: 7ef045dac8effb41d5f24c1e1011869b59a3d0a2 | author: Dave Syer
commit: c0748e3e8224ab91bb7fea41a5bc0c71158e2ce8 | author: Antoine Rey
commit: 45da5a4d3b7ac2aae6bd6a43cafa0e2e2c646cc5 | author: Oscar Utbult
commit: 63dadcc07f5f28e40afc02dca5e779d96dc018e6 | author: Dave Syer
commit: 83ff9a50e378529993f4f772457dd24791b46438 | author: Dave Syer
commit: e38a9feebe1814ada460dea50ba45f11389fdc9f | author: Dave Syer
commit: a9b6565fcf24d59ec29f32c4d8e5c9001d7e1988 | author: Dapeng
commit: 92de6557e10b610f3ea6579a6be67c53c4f766bc | author: Antoine Rey
commit: 09ed33a5fc01209b4190c74f405b2b1e523b739c | author: Antoine Rey
commit: 8b625617cb24353ee906fab080c7677a6ec37870 | author: Antoine Rey
commit: 14f882221f9f12de71331ce3eac44c297150c373 | author: Gordon Dickens
commit: 57c904312191bc103e638e7db82b4ad4a19c0897 | author: Mic
commit: f44e383462444a51ce5cb632db4554aedf2c85ee | author: Mic
commit: d88b565d28d27e06ea0aa206dc2fc0ea6cd8e145 | author: Mic
commit: 9f8acc05adf2f245e8c02b6b44e3537dfbe814c1 | author: Mic
commit: 521d01db950e357cf81ef78c50daf290e92b309c | author: Costin Leau
method: org.springframework.samples.petclinic.owner.Pet.getVisits | lines: 76:78 | file: D:\msdecomp\2022_microservice_tools\code\scripts\metrics\casestudies/spring-petclinic/src/main/java/org/springframework/samples/petclinic/owner/Pet.java
commit: 58fe6298f83615fbcc14d55b47d09c947d9a958d | author: Dave Syer
commit: 4e1f87407d80cdb4a5a293de89d62034fdcbb847 | author: Dave Syer
commit: 7ef045dac8effb41d5f24c1e1011869b59a3d0a2 | author: Dave Syer
commit: c0748e3e8224ab91bb7fea41a5bc0c71158e2ce8 | author: Antoine Rey
commit: 45da5a4d3b7ac2aae6bd6a43cafa0e2e2c646cc5 | author: Oscar Utbult
commit: 63dadcc07f5f28e40afc02dca5e779d96dc018e6 | author: Dave Syer
commit: 83ff9a50e378529993f4f772457dd24791b46438 | author: Dave Syer
commit: e38a9feebe1814ada460dea50ba45f11389fdc9f | author: Dave Syer
commit: a9b6565fcf24d59ec29f32c4d8e5c9001d7e1988 | author: Dapeng
commit: 92de6557e10b610f3ea6579a6be67c53c4f766bc | author: Antoine Rey
commit: 09ed33a5fc01209b4190c74f405b2b1e523b739c | author: Antoine Rey
commit: 8b625617cb24353ee906fab080c7677a6ec37870 | author: Antoine Rey
commit: 14f882221f9f12de71331ce3eac44c297150c373 | author: Gordon Dickens
commit: 57c904312191bc103e638e7db82b4ad4a19c0897 | author: Mic
commit: f44e383462444a51ce5cb632db4554aedf2c85ee | author: Mic
commit: d88b565d28d27e06ea0aa206dc2fc0ea6cd8e145 | author: Mic
commit: 9f8acc05adf2f245e8c02b6b44e3537dfbe814c1 | author: Mic
commit: 521d01db950e357cf81ef78c50daf290e92b309c | author: Costin Leau
method: org.springframework.samples.petclinic.owner.Pet.setBirthDate | lines: 60:62 | file: D:\msdecomp\2022_microservice_tools\code\scripts\metrics\casestudies/spring-petclinic/src/main/java/org/springframework/samples/petclinic/owner/Pet.java
commit: 4e1f87407d80cdb4a5a293de89d62034fdcbb847 | author: Dave Syer
commit: 7ef045dac8effb41d5f24c1e1011869b59a3d0a2 | author: Dave Syer
commit: c0748e3e8224ab91bb7fea41a5bc0c71158e2ce8 | author: Antoine Rey
commit: 45da5a4d3b7ac2aae6bd6a43cafa0e2e2c646cc5 | author: Oscar Utbult
commit: 63dadcc07f5f28e40afc02dca5e779d96dc018e6 | author: Dave Syer
commit: 83ff9a50e378529993f4f772457dd24791b46438 | author: Dave Syer
commit: e38a9feebe1814ada460dea50ba45f11389fdc9f | author: Dave Syer
commit: a9b6565fcf24d59ec29f32c4d8e5c9001d7e1988 | author: Dapeng
commit: 92de6557e10b610f3ea6579a6be67c53c4f766bc | author: Antoine Rey
commit: 09ed33a5fc01209b4190c74f405b2b1e523b739c | author: Antoine Rey
commit: 8b625617cb24353ee906fab080c7677a6ec37870 | author: Antoine Rey
commit: 14f882221f9f12de71331ce3eac44c297150c373 | author: Gordon Dickens
commit: 57c904312191bc103e638e7db82b4ad4a19c0897 | author: Mic
commit: f44e383462444a51ce5cb632db4554aedf2c85ee | author: Mic
commit: d88b565d28d27e06ea0aa206dc2fc0ea6cd8e145 | author: Mic
commit: 9f8acc05adf2f245e8c02b6b44e3537dfbe814c1 | author: Mic
commit: 521d01db950e357cf81ef78c50daf290e92b309c | author: Costin Leau
method: org.springframework.samples.petclinic.owner.Pet.setType | lines: 72:74 | file: D:\msdecomp\2022_microservice_tools\code\scripts\metrics\casestudies/spring-petclinic/src/main/java/org/springframework/samples/petclinic/owner/Pet.java
commit: 4e1f87407d80cdb4a5a293de89d62034fdcbb847 | author: Dave Syer
commit: 7ef045dac8effb41d5f24c1e1011869b59a3d0a2 | author: Dave Syer
commit: c0748e3e8224ab91bb7fea41a5bc0c71158e2ce8 | author: Antoine Rey
commit: 45da5a4d3b7ac2aae6bd6a43cafa0e2e2c646cc5 | author: Oscar Utbult
commit: 63dadcc07f5f28e40afc02dca5e779d96dc018e6 | author: Dave Syer
commit: 83ff9a50e378529993f4f772457dd24791b46438 | author: Dave Syer
commit: e38a9feebe1814ada460dea50ba45f11389fdc9f | author: Dave Syer
commit: a9b6565fcf24d59ec29f32c4d8e5c9001d7e1988 | author: Dapeng
commit: 92de6557e10b610f3ea6579a6be67c53c4f766bc | author: Antoine Rey
commit: 09ed33a5fc01209b4190c74f405b2b1e523b739c | author: Antoine Rey
commit: 8b625617cb24353ee906fab080c7677a6ec37870 | author: Antoine Rey
commit: 14f882221f9f12de71331ce3eac44c297150c373 | author: Gordon Dickens
commit: 57c904312191bc103e638e7db82b4ad4a19c0897 | author: Mic
commit: f44e383462444a51ce5cb632db4554aedf2c85ee | author: Mic
commit: d88b565d28d27e06ea0aa206dc2fc0ea6cd8e145 | author: Mic
commit: 9f8acc05adf2f245e8c02b6b44e3537dfbe814c1 | author: Mic
commit: 521d01db950e357cf81ef78c50daf290e92b309c | author: Costin Leau
method: org.springframework.samples.petclinic.owner.PetController.PetController | lines: 47:49 | file: D:\msdecomp\2022_microservice_tools\code\scripts\metrics\casestudies/spring-petclinic/src/main/java/org/springframework/samples/petclinic/owner/PetController.java
commit: c9534421c8d4f29b7d2d78636bb42f58b7cdebaa | author: Dave Syer
commit: 4e1f87407d80cdb4a5a293de89d62034fdcbb847 | author: Dave Syer
commit: 5270246eb587ca4837889aefb37f26b8019aca4f | author: Stephane Nicoll
commit: 4be8ba2c4349616e1da9d8232250e20da2daec47 | author: Antoine Rey
commit: cdbfafe0775079485edf50f5702ba300258239d1 | author: Jeric Bryle Sy Dy
commit: 61be1bac41293482506215d879da2b95961f582d | author: Kristof Neirynck
commit: 83ff9a50e378529993f4f772457dd24791b46438 | author: Dave Syer
commit: ad3d322fc69061d5009460689edfda09af0b53ce | author: Faisal Hameed
commit: 4aa89ae4e2b75e37aa8869b48ab1908e61af74e0 | author: Antoine Rey
commit: 3bcf84543ec586173731942a83178eed561f7d3a | author: Antoine Rey
commit: f7498c79df1ce585d4025f3f64d34d205143c868 | author: Tomas Repel
commit: 80ff54ac03c32d5974b2e5e6e9ed6bde10402372 | author: Antoine Rey
commit: 2b0d07bbbae512120ee0a3171972264e60548507 | author: Mic
commit: 14f882221f9f12de71331ce3eac44c297150c373 | author: Gordon Dickens
commit: 3e66379be13f114f92c01eb0e9a19d11e94a9988 | author: Rossen Stoyanchev
commit: 97aba3f4e6a3619763dcc200d355e064020c0ee8 | author: Mic
commit: c9c8c4e085015b14ca6c3db077bac05e36859907 | author: Mic
commit: ece1a7a7ac20a1e816d7dd3bea61b106fc9eab54 | author: Mic
commit: e9b6aff0d46774284961b06443a0b380337167a3 | author: Mic
commit: df5c5ca59d50030b3353f8b140e69cae85b3cd05 | author: Mic
commit: 9f8acc05adf2f245e8c02b6b44e3537dfbe814c1 | author: Mic
commit: aeeeace8a2276516960bc9b99a46f13a41bcccd0 | author: Mic
commit: 521d01db950e357cf81ef78c50daf290e92b309c | author: Costin Leau
method: org.springframework.samples.petclinic.owner.PetController.findOwner | lines: 57:59 | file: D:\msdecomp\2022_microservice_tools\code\scripts\metrics\casestudies/spring-petclinic/src/main/java/org/springframework/samples/petclinic/owner/PetController.java
commit: 4e1f87407d80cdb4a5a293de89d62034fdcbb847 | author: Dave Syer
commit: 5270246eb587ca4837889aefb37f26b8019aca4f | author: Stephane Nicoll
commit: 4be8ba2c4349616e1da9d8232250e20da2daec47 | author: Antoine Rey
commit: cdbfafe0775079485edf50f5702ba300258239d1 | author: Jeric Bryle Sy Dy
commit: 61be1bac41293482506215d879da2b95961f582d | author: Kristof Neirynck
commit: 83ff9a50e378529993f4f772457dd24791b46438 | author: Dave Syer
commit: ad3d322fc69061d5009460689edfda09af0b53ce | author: Faisal Hameed
commit: 4aa89ae4e2b75e37aa8869b48ab1908e61af74e0 | author: Antoine Rey
commit: 3bcf84543ec586173731942a83178eed561f7d3a | author: Antoine Rey
commit: f7498c79df1ce585d4025f3f64d34d205143c868 | author: Tomas Repel
commit: 80ff54ac03c32d5974b2e5e6e9ed6bde10402372 | author: Antoine Rey
commit: 2b0d07bbbae512120ee0a3171972264e60548507 | author: Mic
commit: 14f882221f9f12de71331ce3eac44c297150c373 | author: Gordon Dickens
commit: 3e66379be13f114f92c01eb0e9a19d11e94a9988 | author: Rossen Stoyanchev
commit: 97aba3f4e6a3619763dcc200d355e064020c0ee8 | author: Mic
commit: c9c8c4e085015b14ca6c3db077bac05e36859907 | author: Mic
commit: ece1a7a7ac20a1e816d7dd3bea61b106fc9eab54 | author: Mic
commit: e9b6aff0d46774284961b06443a0b380337167a3 | author: Mic
commit: df5c5ca59d50030b3353f8b140e69cae85b3cd05 | author: Mic
commit: 9f8acc05adf2f245e8c02b6b44e3537dfbe814c1 | author: Mic
commit: aeeeace8a2276516960bc9b99a46f13a41bcccd0 | author: Mic
commit: 521d01db950e357cf81ef78c50daf290e92b309c | author: Costin Leau
method: org.springframework.samples.petclinic.owner.PetController.initCreationForm | lines: 78:83 | file: D:\msdecomp\2022_microservice_tools\code\scripts\metrics\casestudies/spring-petclinic/src/main/java/org/springframework/samples/petclinic/owner/PetController.java
commit: 4e1f87407d80cdb4a5a293de89d62034fdcbb847 | author: Dave Syer
commit: 5270246eb587ca4837889aefb37f26b8019aca4f | author: Stephane Nicoll
commit: 4be8ba2c4349616e1da9d8232250e20da2daec47 | author: Antoine Rey
commit: cdbfafe0775079485edf50f5702ba300258239d1 | author: Jeric Bryle Sy Dy
commit: 61be1bac41293482506215d879da2b95961f582d | author: Kristof Neirynck
commit: 83ff9a50e378529993f4f772457dd24791b46438 | author: Dave Syer
commit: ad3d322fc69061d5009460689edfda09af0b53ce | author: Faisal Hameed
commit: 4aa89ae4e2b75e37aa8869b48ab1908e61af74e0 | author: Antoine Rey
commit: 3bcf84543ec586173731942a83178eed561f7d3a | author: Antoine Rey
commit: f7498c79df1ce585d4025f3f64d34d205143c868 | author: Tomas Repel
commit: 80ff54ac03c32d5974b2e5e6e9ed6bde10402372 | author: Antoine Rey
commit: 2b0d07bbbae512120ee0a3171972264e60548507 | author: Mic
commit: 14f882221f9f12de71331ce3eac44c297150c373 | author: Gordon Dickens
commit: 3e66379be13f114f92c01eb0e9a19d11e94a9988 | author: Rossen Stoyanchev
commit: 97aba3f4e6a3619763dcc200d355e064020c0ee8 | author: Mic
commit: c9c8c4e085015b14ca6c3db077bac05e36859907 | author: Mic
commit: ece1a7a7ac20a1e816d7dd3bea61b106fc9eab54 | author: Mic
commit: e9b6aff0d46774284961b06443a0b380337167a3 | author: Mic
commit: df5c5ca59d50030b3353f8b140e69cae85b3cd05 | author: Mic
commit: 9f8acc05adf2f245e8c02b6b44e3537dfbe814c1 | author: Mic
commit: aeeeace8a2276516960bc9b99a46f13a41bcccd0 | author: Mic
commit: 521d01db950e357cf81ef78c50daf290e92b309c | author: Costin Leau
method: org.springframework.samples.petclinic.owner.PetController.initOwnerBinder | lines: 68:70 | file: D:\msdecomp\2022_microservice_tools\code\scripts\metrics\casestudies/spring-petclinic/src/main/java/org/springframework/samples/petclinic/owner/PetController.java
commit: 4e1f87407d80cdb4a5a293de89d62034fdcbb847 | author: Dave Syer
commit: 5270246eb587ca4837889aefb37f26b8019aca4f | author: Stephane Nicoll
commit: 4be8ba2c4349616e1da9d8232250e20da2daec47 | author: Antoine Rey
commit: cdbfafe0775079485edf50f5702ba300258239d1 | author: Jeric Bryle Sy Dy
commit: 61be1bac41293482506215d879da2b95961f582d | author: Kristof Neirynck
commit: 83ff9a50e378529993f4f772457dd24791b46438 | author: Dave Syer
commit: ad3d322fc69061d5009460689edfda09af0b53ce | author: Faisal Hameed
commit: 4aa89ae4e2b75e37aa8869b48ab1908e61af74e0 | author: Antoine Rey
commit: 3bcf84543ec586173731942a83178eed561f7d3a | author: Antoine Rey
commit: f7498c79df1ce585d4025f3f64d34d205143c868 | author: Tomas Repel
commit: 80ff54ac03c32d5974b2e5e6e9ed6bde10402372 | author: Antoine Rey
commit: 2b0d07bbbae512120ee0a3171972264e60548507 | author: Mic
commit: 14f882221f9f12de71331ce3eac44c297150c373 | author: Gordon Dickens
commit: 3e66379be13f114f92c01eb0e9a19d11e94a9988 | author: Rossen Stoyanchev
commit: 97aba3f4e6a3619763dcc200d355e064020c0ee8 | author: Mic
commit: c9c8c4e085015b14ca6c3db077bac05e36859907 | author: Mic
commit: ece1a7a7ac20a1e816d7dd3bea61b106fc9eab54 | author: Mic
commit: e9b6aff0d46774284961b06443a0b380337167a3 | author: Mic
commit: df5c5ca59d50030b3353f8b140e69cae85b3cd05 | author: Mic
commit: 9f8acc05adf2f245e8c02b6b44e3537dfbe814c1 | author: Mic
commit: aeeeace8a2276516960bc9b99a46f13a41bcccd0 | author: Mic
commit: 521d01db950e357cf81ef78c50daf290e92b309c | author: Costin Leau
method: org.springframework.samples.petclinic.owner.PetController.initPetBinder | lines: 73:75 | file: D:\msdecomp\2022_microservice_tools\code\scripts\metrics\casestudies/spring-petclinic/src/main/java/org/springframework/samples/petclinic/owner/PetController.java
commit: 4e1f87407d80cdb4a5a293de89d62034fdcbb847 | author: Dave Syer
commit: 5270246eb587ca4837889aefb37f26b8019aca4f | author: Stephane Nicoll
commit: 4be8ba2c4349616e1da9d8232250e20da2daec47 | author: Antoine Rey
commit: cdbfafe0775079485edf50f5702ba300258239d1 | author: Jeric Bryle Sy Dy
commit: 61be1bac41293482506215d879da2b95961f582d | author: Kristof Neirynck
commit: 83ff9a50e378529993f4f772457dd24791b46438 | author: Dave Syer
commit: ad3d322fc69061d5009460689edfda09af0b53ce | author: Faisal Hameed
commit: 4aa89ae4e2b75e37aa8869b48ab1908e61af74e0 | author: Antoine Rey
commit: 3bcf84543ec586173731942a83178eed561f7d3a | author: Antoine Rey
commit: f7498c79df1ce585d4025f3f64d34d205143c868 | author: Tomas Repel
commit: 80ff54ac03c32d5974b2e5e6e9ed6bde10402372 | author: Antoine Rey
commit: 2b0d07bbbae512120ee0a3171972264e60548507 | author: Mic
commit: 14f882221f9f12de71331ce3eac44c297150c373 | author: Gordon Dickens
commit: 3e66379be13f114f92c01eb0e9a19d11e94a9988 | author: Rossen Stoyanchev
commit: 97aba3f4e6a3619763dcc200d355e064020c0ee8 | author: Mic
commit: c9c8c4e085015b14ca6c3db077bac05e36859907 | author: Mic
commit: ece1a7a7ac20a1e816d7dd3bea61b106fc9eab54 | author: Mic
commit: e9b6aff0d46774284961b06443a0b380337167a3 | author: Mic
commit: df5c5ca59d50030b3353f8b140e69cae85b3cd05 | author: Mic
commit: 9f8acc05adf2f245e8c02b6b44e3537dfbe814c1 | author: Mic
commit: aeeeace8a2276516960bc9b99a46f13a41bcccd0 | author: Mic
commit: 521d01db950e357cf81ef78c50daf290e92b309c | author: Costin Leau
method: org.springframework.samples.petclinic.owner.PetController.initUpdateForm | lines: 102:106 | file: D:\msdecomp\2022_microservice_tools\code\scripts\metrics\casestudies/spring-petclinic/src/main/java/org/springframework/samples/petclinic/owner/PetController.java
commit: c9534421c8d4f29b7d2d78636bb42f58b7cdebaa | author: Dave Syer
commit: 4e1f87407d80cdb4a5a293de89d62034fdcbb847 | author: Dave Syer
commit: 5270246eb587ca4837889aefb37f26b8019aca4f | author: Stephane Nicoll
commit: 4be8ba2c4349616e1da9d8232250e20da2daec47 | author: Antoine Rey
commit: cdbfafe0775079485edf50f5702ba300258239d1 | author: Jeric Bryle Sy Dy
commit: 61be1bac41293482506215d879da2b95961f582d | author: Kristof Neirynck
commit: 83ff9a50e378529993f4f772457dd24791b46438 | author: Dave Syer
commit: ad3d322fc69061d5009460689edfda09af0b53ce | author: Faisal Hameed
commit: 4aa89ae4e2b75e37aa8869b48ab1908e61af74e0 | author: Antoine Rey
commit: 3bcf84543ec586173731942a83178eed561f7d3a | author: Antoine Rey
commit: f7498c79df1ce585d4025f3f64d34d205143c868 | author: Tomas Repel
commit: 80ff54ac03c32d5974b2e5e6e9ed6bde10402372 | author: Antoine Rey
commit: 2b0d07bbbae512120ee0a3171972264e60548507 | author: Mic
commit: 14f882221f9f12de71331ce3eac44c297150c373 | author: Gordon Dickens
commit: 3e66379be13f114f92c01eb0e9a19d11e94a9988 | author: Rossen Stoyanchev
commit: 97aba3f4e6a3619763dcc200d355e064020c0ee8 | author: Mic
commit: c9c8c4e085015b14ca6c3db077bac05e36859907 | author: Mic
commit: ece1a7a7ac20a1e816d7dd3bea61b106fc9eab54 | author: Mic
commit: e9b6aff0d46774284961b06443a0b380337167a3 | author: Mic
commit: df5c5ca59d50030b3353f8b140e69cae85b3cd05 | author: Mic
commit: 9f8acc05adf2f245e8c02b6b44e3537dfbe814c1 | author: Mic
commit: aeeeace8a2276516960bc9b99a46f13a41bcccd0 | author: Mic
commit: 521d01db950e357cf81ef78c50daf290e92b309c | author: Costin Leau
method: org.springframework.samples.petclinic.owner.PetController.populatePetTypes | lines: 52:54 | file: D:\msdecomp\2022_microservice_tools\code\scripts\metrics\casestudies/spring-petclinic/src/main/java/org/springframework/samples/petclinic/owner/PetController.java
commit: c9534421c8d4f29b7d2d78636bb42f58b7cdebaa | author: Dave Syer
commit: 4e1f87407d80cdb4a5a293de89d62034fdcbb847 | author: Dave Syer
commit: 5270246eb587ca4837889aefb37f26b8019aca4f | author: Stephane Nicoll
commit: 4be8ba2c4349616e1da9d8232250e20da2daec47 | author: Antoine Rey
commit: cdbfafe0775079485edf50f5702ba300258239d1 | author: Jeric Bryle Sy Dy
commit: 61be1bac41293482506215d879da2b95961f582d | author: Kristof Neirynck
commit: 83ff9a50e378529993f4f772457dd24791b46438 | author: Dave Syer
commit: ad3d322fc69061d5009460689edfda09af0b53ce | author: Faisal Hameed
commit: 4aa89ae4e2b75e37aa8869b48ab1908e61af74e0 | author: Antoine Rey
commit: 3bcf84543ec586173731942a83178eed561f7d3a | author: Antoine Rey
commit: f7498c79df1ce585d4025f3f64d34d205143c868 | author: Tomas Repel
commit: 80ff54ac03c32d5974b2e5e6e9ed6bde10402372 | author: Antoine Rey
commit: 2b0d07bbbae512120ee0a3171972264e60548507 | author: Mic
commit: 14f882221f9f12de71331ce3eac44c297150c373 | author: Gordon Dickens
commit: 3e66379be13f114f92c01eb0e9a19d11e94a9988 | author: Rossen Stoyanchev
commit: 97aba3f4e6a3619763dcc200d355e064020c0ee8 | author: Mic
commit: c9c8c4e085015b14ca6c3db077bac05e36859907 | author: Mic
commit: ece1a7a7ac20a1e816d7dd3bea61b106fc9eab54 | author: Mic
commit: e9b6aff0d46774284961b06443a0b380337167a3 | author: Mic
commit: df5c5ca59d50030b3353f8b140e69cae85b3cd05 | author: Mic
commit: 9f8acc05adf2f245e8c02b6b44e3537dfbe814c1 | author: Mic
commit: aeeeace8a2276516960bc9b99a46f13a41bcccd0 | author: Mic
commit: 521d01db950e357cf81ef78c50daf290e92b309c | author: Costin Leau
method: org.springframework.samples.petclinic.owner.PetController.processCreationForm | lines: 86:99 | file: D:\msdecomp\2022_microservice_tools\code\scripts\metrics\casestudies/spring-petclinic/src/main/java/org/springframework/samples/petclinic/owner/PetController.java
commit: f48227aea0e4056e1b9105494ea2f6360f3975f3 | author: Kiyeon Cho
commit: c9534421c8d4f29b7d2d78636bb42f58b7cdebaa | author: Dave Syer
commit: 4e1f87407d80cdb4a5a293de89d62034fdcbb847 | author: Dave Syer
commit: 5270246eb587ca4837889aefb37f26b8019aca4f | author: Stephane Nicoll
commit: 4be8ba2c4349616e1da9d8232250e20da2daec47 | author: Antoine Rey
commit: cdbfafe0775079485edf50f5702ba300258239d1 | author: Jeric Bryle Sy Dy
commit: 61be1bac41293482506215d879da2b95961f582d | author: Kristof Neirynck
commit: 83ff9a50e378529993f4f772457dd24791b46438 | author: Dave Syer
commit: ad3d322fc69061d5009460689edfda09af0b53ce | author: Faisal Hameed
commit: 4aa89ae4e2b75e37aa8869b48ab1908e61af74e0 | author: Antoine Rey
commit: 3bcf84543ec586173731942a83178eed561f7d3a | author: Antoine Rey
commit: f7498c79df1ce585d4025f3f64d34d205143c868 | author: Tomas Repel
commit: 80ff54ac03c32d5974b2e5e6e9ed6bde10402372 | author: Antoine Rey
commit: 2b0d07bbbae512120ee0a3171972264e60548507 | author: Mic
commit: 14f882221f9f12de71331ce3eac44c297150c373 | author: Gordon Dickens
commit: 3e66379be13f114f92c01eb0e9a19d11e94a9988 | author: Rossen Stoyanchev
commit: 97aba3f4e6a3619763dcc200d355e064020c0ee8 | author: Mic
commit: c9c8c4e085015b14ca6c3db077bac05e36859907 | author: Mic
commit: ece1a7a7ac20a1e816d7dd3bea61b106fc9eab54 | author: Mic
commit: e9b6aff0d46774284961b06443a0b380337167a3 | author: Mic
commit: df5c5ca59d50030b3353f8b140e69cae85b3cd05 | author: Mic
commit: 9f8acc05adf2f245e8c02b6b44e3537dfbe814c1 | author: Mic
commit: aeeeace8a2276516960bc9b99a46f13a41bcccd0 | author: Mic
commit: 521d01db950e357cf81ef78c50daf290e92b309c | author: Costin Leau
method: org.springframework.samples.petclinic.owner.PetController.processUpdateForm | lines: 109:118 | file: D:\msdecomp\2022_microservice_tools\code\scripts\metrics\casestudies/spring-petclinic/src/main/java/org/springframework/samples/petclinic/owner/PetController.java
commit: f48227aea0e4056e1b9105494ea2f6360f3975f3 | author: Kiyeon Cho
commit: c9534421c8d4f29b7d2d78636bb42f58b7cdebaa | author: Dave Syer
commit: 4e1f87407d80cdb4a5a293de89d62034fdcbb847 | author: Dave Syer
commit: 5270246eb587ca4837889aefb37f26b8019aca4f | author: Stephane Nicoll
commit: 4be8ba2c4349616e1da9d8232250e20da2daec47 | author: Antoine Rey
commit: cdbfafe0775079485edf50f5702ba300258239d1 | author: Jeric Bryle Sy Dy
commit: 61be1bac41293482506215d879da2b95961f582d | author: Kristof Neirynck
commit: 83ff9a50e378529993f4f772457dd24791b46438 | author: Dave Syer
commit: ad3d322fc69061d5009460689edfda09af0b53ce | author: Faisal Hameed
commit: 4aa89ae4e2b75e37aa8869b48ab1908e61af74e0 | author: Antoine Rey
commit: 3bcf84543ec586173731942a83178eed561f7d3a | author: Antoine Rey
commit: f7498c79df1ce585d4025f3f64d34d205143c868 | author: Tomas Repel
commit: 80ff54ac03c32d5974b2e5e6e9ed6bde10402372 | author: Antoine Rey
commit: 2b0d07bbbae512120ee0a3171972264e60548507 | author: Mic
commit: 14f882221f9f12de71331ce3eac44c297150c373 | author: Gordon Dickens
commit: 3e66379be13f114f92c01eb0e9a19d11e94a9988 | author: Rossen Stoyanchev
commit: 97aba3f4e6a3619763dcc200d355e064020c0ee8 | author: Mic
commit: c9c8c4e085015b14ca6c3db077bac05e36859907 | author: Mic
commit: ece1a7a7ac20a1e816d7dd3bea61b106fc9eab54 | author: Mic
commit: e9b6aff0d46774284961b06443a0b380337167a3 | author: Mic
commit: df5c5ca59d50030b3353f8b140e69cae85b3cd05 | author: Mic
commit: 9f8acc05adf2f245e8c02b6b44e3537dfbe814c1 | author: Mic
commit: aeeeace8a2276516960bc9b99a46f13a41bcccd0 | author: Mic
commit: 521d01db950e357cf81ef78c50daf290e92b309c | author: Costin Leau
method: org.springframework.samples.petclinic.owner.PetTypeFormatter.PetTypeFormatter | lines: 42:44 | file: D:\msdecomp\2022_microservice_tools\code\scripts\metrics\casestudies/spring-petclinic/src/main/java/org/springframework/samples/petclinic/owner/PetTypeFormatter.java
commit: c9534421c8d4f29b7d2d78636bb42f58b7cdebaa | author: Dave Syer
commit: 4e1f87407d80cdb4a5a293de89d62034fdcbb847 | author: Dave Syer
commit: 83ff9a50e378529993f4f772457dd24791b46438 | author: Dave Syer
commit: 14f882221f9f12de71331ce3eac44c297150c373 | author: Gordon Dickens
commit: 57c904312191bc103e638e7db82b4ad4a19c0897 | author: Mic
method: org.springframework.samples.petclinic.owner.PetTypeFormatter.parse | lines: 52:60 | file: D:\msdecomp\2022_microservice_tools\code\scripts\metrics\casestudies/spring-petclinic/src/main/java/org/springframework/samples/petclinic/owner/PetTypeFormatter.java
commit: c9534421c8d4f29b7d2d78636bb42f58b7cdebaa | author: Dave Syer
commit: 4e1f87407d80cdb4a5a293de89d62034fdcbb847 | author: Dave Syer
commit: 83ff9a50e378529993f4f772457dd24791b46438 | author: Dave Syer
commit: 14f882221f9f12de71331ce3eac44c297150c373 | author: Gordon Dickens
commit: 57c904312191bc103e638e7db82b4ad4a19c0897 | author: Mic
method: org.springframework.samples.petclinic.owner.PetTypeFormatter.print | lines: 47:49 | file: D:\msdecomp\2022_microservice_tools\code\scripts\metrics\casestudies/spring-petclinic/src/main/java/org/springframework/samples/petclinic/owner/PetTypeFormatter.java
commit: 4e1f87407d80cdb4a5a293de89d62034fdcbb847 | author: Dave Syer
commit: 83ff9a50e378529993f4f772457dd24791b46438 | author: Dave Syer
commit: 14f882221f9f12de71331ce3eac44c297150c373 | author: Gordon Dickens
commit: 57c904312191bc103e638e7db82b4ad4a19c0897 | author: Mic
method: org.springframework.samples.petclinic.owner.PetTypeFormatter.print | lines: 47:49 | file: D:\msdecomp\2022_microservice_tools\code\scripts\metrics\casestudies/spring-petclinic/src/main/java/org/springframework/samples/petclinic/owner/PetTypeFormatter.java
commit: 4e1f87407d80cdb4a5a293de89d62034fdcbb847 | author: Dave Syer
commit: 83ff9a50e378529993f4f772457dd24791b46438 | author: Dave Syer
commit: 14f882221f9f12de71331ce3eac44c297150c373 | author: Gordon Dickens
commit: 57c904312191bc103e638e7db82b4ad4a19c0897 | author: Mic
method: org.springframework.samples.petclinic.owner.PetValidator.supports | lines: 60:62 | file: D:\msdecomp\2022_microservice_tools\code\scripts\metrics\casestudies/spring-petclinic/src/main/java/org/springframework/samples/petclinic/owner/PetValidator.java
commit: 4e1f87407d80cdb4a5a293de89d62034fdcbb847 | author: Dave Syer
method: org.springframework.samples.petclinic.owner.PetValidator.validate | lines: 37:54 | file: D:\msdecomp\2022_microservice_tools\code\scripts\metrics\casestudies/spring-petclinic/src/main/java/org/springframework/samples/petclinic/owner/PetValidator.java
commit: 4e1f87407d80cdb4a5a293de89d62034fdcbb847 | author: Dave Syer
commit: ad3d322fc69061d5009460689edfda09af0b53ce | author: Faisal Hameed
commit: 3bcf84543ec586173731942a83178eed561f7d3a | author: Antoine Rey
commit: 09ed33a5fc01209b4190c74f405b2b1e523b739c | author: Antoine Rey
commit: 4bb829cbd1026ec10dc685277467d30523c90b95 | author: Antoine Rey
commit: 80ff54ac03c32d5974b2e5e6e9ed6bde10402372 | author: Antoine Rey
commit: de73bdce6bb7717a0a04fe99ffced0f30e133276 | author: Craig Dennis
commit: 34d8ca46ac9add81362532e41461ceb52aa67fbc | author: Mic
commit: f0b00da185b9e1e232c2e528132ebb457e011ed9 | author: TejasM
commit: 14f882221f9f12de71331ce3eac44c297150c373 | author: Gordon Dickens
commit: 521d01db950e357cf81ef78c50daf290e92b309c | author: Costin Leau
method: org.springframework.samples.petclinic.owner.Visit.Visit | lines: 48:50 | file: D:\msdecomp\2022_microservice_tools\code\scripts\metrics\casestudies/spring-petclinic/src/main/java/org/springframework/samples/petclinic/owner/Visit.java
commit: 4e1f87407d80cdb4a5a293de89d62034fdcbb847 | author: Dave Syer
commit: c0748e3e8224ab91bb7fea41a5bc0c71158e2ce8 | author: Antoine Rey
commit: a9b6565fcf24d59ec29f32c4d8e5c9001d7e1988 | author: Dapeng
commit: e00dfb3fe05cef910495b38d5a24221188e2e1a6 | author: Tomas Repel
commit: 14f882221f9f12de71331ce3eac44c297150c373 | author: Gordon Dickens
commit: d88b565d28d27e06ea0aa206dc2fc0ea6cd8e145 | author: Mic
commit: 521d01db950e357cf81ef78c50daf290e92b309c | author: Costin Leau
method: org.springframework.samples.petclinic.owner.Visit.getDate | lines: 52:54 | file: D:\msdecomp\2022_microservice_tools\code\scripts\metrics\casestudies/spring-petclinic/src/main/java/org/springframework/samples/petclinic/owner/Visit.java
commit: 4e1f87407d80cdb4a5a293de89d62034fdcbb847 | author: Dave Syer
commit: c0748e3e8224ab91bb7fea41a5bc0c71158e2ce8 | author: Antoine Rey
commit: a9b6565fcf24d59ec29f32c4d8e5c9001d7e1988 | author: Dapeng
commit: e00dfb3fe05cef910495b38d5a24221188e2e1a6 | author: Tomas Repel
commit: 14f882221f9f12de71331ce3eac44c297150c373 | author: Gordon Dickens
commit: d88b565d28d27e06ea0aa206dc2fc0ea6cd8e145 | author: Mic
commit: 521d01db950e357cf81ef78c50daf290e92b309c | author: Costin Leau
method: org.springframework.samples.petclinic.owner.Visit.getDescription | lines: 60:62 | file: D:\msdecomp\2022_microservice_tools\code\scripts\metrics\casestudies/spring-petclinic/src/main/java/org/springframework/samples/petclinic/owner/Visit.java
commit: 4e1f87407d80cdb4a5a293de89d62034fdcbb847 | author: Dave Syer
commit: 14f882221f9f12de71331ce3eac44c297150c373 | author: Gordon Dickens
commit: d88b565d28d27e06ea0aa206dc2fc0ea6cd8e145 | author: Mic
commit: 521d01db950e357cf81ef78c50daf290e92b309c | author: Costin Leau
method: org.springframework.samples.petclinic.owner.Visit.setDate | lines: 56:58 | file: D:\msdecomp\2022_microservice_tools\code\scripts\metrics\casestudies/spring-petclinic/src/main/java/org/springframework/samples/petclinic/owner/Visit.java
commit: 4e1f87407d80cdb4a5a293de89d62034fdcbb847 | author: Dave Syer
commit: c0748e3e8224ab91bb7fea41a5bc0c71158e2ce8 | author: Antoine Rey
commit: a9b6565fcf24d59ec29f32c4d8e5c9001d7e1988 | author: Dapeng
commit: e00dfb3fe05cef910495b38d5a24221188e2e1a6 | author: Tomas Repel
commit: 14f882221f9f12de71331ce3eac44c297150c373 | author: Gordon Dickens
commit: d88b565d28d27e06ea0aa206dc2fc0ea6cd8e145 | author: Mic
commit: 521d01db950e357cf81ef78c50daf290e92b309c | author: Costin Leau
method: org.springframework.samples.petclinic.owner.Visit.setDescription | lines: 64:66 | file: D:\msdecomp\2022_microservice_tools\code\scripts\metrics\casestudies/spring-petclinic/src/main/java/org/springframework/samples/petclinic/owner/Visit.java
commit: 4e1f87407d80cdb4a5a293de89d62034fdcbb847 | author: Dave Syer
commit: 14f882221f9f12de71331ce3eac44c297150c373 | author: Gordon Dickens
commit: d88b565d28d27e06ea0aa206dc2fc0ea6cd8e145 | author: Mic
commit: 521d01db950e357cf81ef78c50daf290e92b309c | author: Costin Leau
method: org.springframework.samples.petclinic.owner.VisitController.VisitController | lines: 43:45 | file: D:\msdecomp\2022_microservice_tools\code\scripts\metrics\casestudies/spring-petclinic/src/main/java/org/springframework/samples/petclinic/owner/VisitController.java
commit: 58fe6298f83615fbcc14d55b47d09c947d9a958d | author: Dave Syer
commit: c9534421c8d4f29b7d2d78636bb42f58b7cdebaa | author: Dave Syer
commit: 4e1f87407d80cdb4a5a293de89d62034fdcbb847 | author: Dave Syer
commit: 83ff9a50e378529993f4f772457dd24791b46438 | author: Dave Syer
commit: 14f882221f9f12de71331ce3eac44c297150c373 | author: Gordon Dickens
commit: c9c8c4e085015b14ca6c3db077bac05e36859907 | author: Mic
commit: 3d22e37944dc3b54a366102dd49b624bc42f0d2c | author: Mic
commit: aeeeace8a2276516960bc9b99a46f13a41bcccd0 | author: Mic
commit: 521d01db950e357cf81ef78c50daf290e92b309c | author: Costin Leau
method: org.springframework.samples.petclinic.owner.VisitController.initNewVisitForm | lines: 76:78 | file: D:\msdecomp\2022_microservice_tools\code\scripts\metrics\casestudies/spring-petclinic/src/main/java/org/springframework/samples/petclinic/owner/VisitController.java
commit: f48227aea0e4056e1b9105494ea2f6360f3975f3 | author: Kiyeon Cho
commit: 4e1f87407d80cdb4a5a293de89d62034fdcbb847 | author: Dave Syer
commit: 4be8ba2c4349616e1da9d8232250e20da2daec47 | author: Antoine Rey
commit: 09ed33a5fc01209b4190c74f405b2b1e523b739c | author: Antoine Rey
commit: f0bf6927674a8c4fdf5a74352749ca5be326b5d3 | author: michaelisvy
commit: 2b0d07bbbae512120ee0a3171972264e60548507 | author: Mic
commit: 14f882221f9f12de71331ce3eac44c297150c373 | author: Gordon Dickens
commit: c9c8c4e085015b14ca6c3db077bac05e36859907 | author: Mic
commit: 3d22e37944dc3b54a366102dd49b624bc42f0d2c | author: Mic
commit: df5c5ca59d50030b3353f8b140e69cae85b3cd05 | author: Mic
commit: 9f8acc05adf2f245e8c02b6b44e3537dfbe814c1 | author: Mic
commit: 521d01db950e357cf81ef78c50daf290e92b309c | author: Costin Leau
method: org.springframework.samples.petclinic.owner.VisitController.setAllowedFields | lines: 48:50 | file: D:\msdecomp\2022_microservice_tools\code\scripts\metrics\casestudies/spring-petclinic/src/main/java/org/springframework/samples/petclinic/owner/VisitController.java
commit: 4e1f87407d80cdb4a5a293de89d62034fdcbb847 | author: Dave Syer
commit: 14f882221f9f12de71331ce3eac44c297150c373 | author: Gordon Dickens
commit: 521d01db950e357cf81ef78c50daf290e92b309c | author: Costin Leau
method: org.springframework.samples.petclinic.system.CacheConfiguration.CacheConfiguration | lines: 36:38 | file: D:\msdecomp\2022_microservice_tools\code\scripts\metrics\casestudies/spring-petclinic/src/main/java/org/springframework/samples/petclinic/system/CacheConfiguration.java
commit: c5763046dde0fad4524d44c1b687d6afe287507f | author: Shweta Tyagi
commit: 4e1f87407d80cdb4a5a293de89d62034fdcbb847 | author: Dave Syer
commit: 3c9afdc138bd120e8396aacadb2da2d55e462f8a | author: Stephane Nicoll
commit: 75912a06c5613a2ea1305ad4d8ad6bc4be7765ce | author: Stephane Nicoll
commit: 443d35eae23c874ed38305fbe75216339c41beaf | author: Henri Tremblay
commit: 83ff9a50e378529993f4f772457dd24791b46438 | author: Dave Syer
commit: 4da41dbbdacc4dc349b3627231147a977cc91004 | author: Antoine Rey
method: org.springframework.samples.petclinic.system.CacheConfiguration.cacheConfiguration | lines: 49:51 | file: D:\msdecomp\2022_microservice_tools\code\scripts\metrics\casestudies/spring-petclinic/src/main/java/org/springframework/samples/petclinic/system/CacheConfiguration.java
commit: 4e1f87407d80cdb4a5a293de89d62034fdcbb847 | author: Dave Syer
commit: 1561eb550655f293257e4486f4fb69bc00cf0229 | author: Dave Syer
commit: 893a18f595b24d518c1d5923ee64e8a41a64b7d3 | author: Stephane Nicoll
commit: 22ff39853d7c53a4e13319729275f0e8cdae2c99 | author: Jens Wilke
commit: 3c9afdc138bd120e8396aacadb2da2d55e462f8a | author: Stephane Nicoll
commit: 75912a06c5613a2ea1305ad4d8ad6bc4be7765ce | author: Stephane Nicoll
commit: 443d35eae23c874ed38305fbe75216339c41beaf | author: Henri Tremblay
commit: 83ff9a50e378529993f4f772457dd24791b46438 | author: Dave Syer
commit: 4da41dbbdacc4dc349b3627231147a977cc91004 | author: Antoine Rey
method: org.springframework.samples.petclinic.system.CacheConfiguration.petclinicCacheConfigurationCustomizer | lines: 36:38 | file: D:\msdecomp\2022_microservice_tools\code\scripts\metrics\casestudies/spring-petclinic/src/main/java/org/springframework/samples/petclinic/system/CacheConfiguration.java
commit: c5763046dde0fad4524d44c1b687d6afe287507f | author: Shweta Tyagi
commit: 4e1f87407d80cdb4a5a293de89d62034fdcbb847 | author: Dave Syer
commit: 3c9afdc138bd120e8396aacadb2da2d55e462f8a | author: Stephane Nicoll
commit: 75912a06c5613a2ea1305ad4d8ad6bc4be7765ce | author: Stephane Nicoll
commit: 443d35eae23c874ed38305fbe75216339c41beaf | author: Henri Tremblay
commit: 83ff9a50e378529993f4f772457dd24791b46438 | author: Dave Syer
commit: 4da41dbbdacc4dc349b3627231147a977cc91004 | author: Antoine Rey
method: org.springframework.samples.petclinic.system.CrashController.triggerException | lines: 32:35 | file: D:\msdecomp\2022_microservice_tools\code\scripts\metrics\casestudies/spring-petclinic/src/main/java/org/springframework/samples/petclinic/system/CrashController.java
commit: 4e1f87407d80cdb4a5a293de89d62034fdcbb847 | author: Dave Syer
commit: cf352663366ecabc4ed9aad125e7373e040bca45 | author: Dave Syer
commit: 4be8ba2c4349616e1da9d8232250e20da2daec47 | author: Antoine Rey
commit: e38a9feebe1814ada460dea50ba45f11389fdc9f | author: Dave Syer
commit: 09ed33a5fc01209b4190c74f405b2b1e523b739c | author: Antoine Rey
commit: 14f882221f9f12de71331ce3eac44c297150c373 | author: Gordon Dickens
commit: cd88b8caaefa5c4d2c702d49a54d55984e4fe00a | author: Mic
commit: ae9085de62f042dedf55ee49fdd30400fcbc4373 | author: Mic
method: org.springframework.samples.petclinic.system.WelcomeController.welcome | lines: 26:28 | file: D:\msdecomp\2022_microservice_tools\code\scripts\metrics\casestudies/spring-petclinic/src/main/java/org/springframework/samples/petclinic/system/WelcomeController.java
commit: 4e1f87407d80cdb4a5a293de89d62034fdcbb847 | author: Dave Syer
commit: 4be8ba2c4349616e1da9d8232250e20da2daec47 | author: Antoine Rey
commit: a6e81a51a0739ba2d22afbc10e52eeaa708abe0a | author: Antoine Rey
method: org.springframework.samples.petclinic.vet.Vet.addSpecialty | lines: 75:77 | file: D:\msdecomp\2022_microservice_tools\code\scripts\metrics\casestudies/spring-petclinic/src/main/java/org/springframework/samples/petclinic/vet/Vet.java
commit: 4e1f87407d80cdb4a5a293de89d62034fdcbb847 | author: Dave Syer
commit: 14f882221f9f12de71331ce3eac44c297150c373 | author: Gordon Dickens
commit: 521d01db950e357cf81ef78c50daf290e92b309c | author: Costin Leau
method: org.springframework.samples.petclinic.vet.Vet.getNrOfSpecialties | lines: 71:73 | file: D:\msdecomp\2022_microservice_tools\code\scripts\metrics\casestudies/spring-petclinic/src/main/java/org/springframework/samples/petclinic/vet/Vet.java
commit: 4e1f87407d80cdb4a5a293de89d62034fdcbb847 | author: Dave Syer
commit: 14f882221f9f12de71331ce3eac44c297150c373 | author: Gordon Dickens
commit: 521d01db950e357cf81ef78c50daf290e92b309c | author: Costin Leau
method: org.springframework.samples.petclinic.vet.Vet.getSpecialties | lines: 53:58 | file: D:\msdecomp\2022_microservice_tools\code\scripts\metrics\casestudies/spring-petclinic/src/main/java/org/springframework/samples/petclinic/vet/Vet.java
commit: 4e1f87407d80cdb4a5a293de89d62034fdcbb847 | author: Dave Syer
commit: 8b625617cb24353ee906fab080c7677a6ec37870 | author: Antoine Rey
commit: 14f882221f9f12de71331ce3eac44c297150c373 | author: Gordon Dickens
commit: 521d01db950e357cf81ef78c50daf290e92b309c | author: Costin Leau
method: org.springframework.samples.petclinic.vet.Vet.getSpecialtiesInternal | lines: 53:58 | file: D:\msdecomp\2022_microservice_tools\code\scripts\metrics\casestudies/spring-petclinic/src/main/java/org/springframework/samples/petclinic/vet/Vet.java
commit: 4e1f87407d80cdb4a5a293de89d62034fdcbb847 | author: Dave Syer
commit: 8b625617cb24353ee906fab080c7677a6ec37870 | author: Antoine Rey
commit: 14f882221f9f12de71331ce3eac44c297150c373 | author: Gordon Dickens
commit: 521d01db950e357cf81ef78c50daf290e92b309c | author: Costin Leau
method: org.springframework.samples.petclinic.vet.Vet.setSpecialtiesInternal | lines: 60:62 | file: D:\msdecomp\2022_microservice_tools\code\scripts\metrics\casestudies/spring-petclinic/src/main/java/org/springframework/samples/petclinic/vet/Vet.java
commit: 4e1f87407d80cdb4a5a293de89d62034fdcbb847 | author: Dave Syer
commit: 09ed33a5fc01209b4190c74f405b2b1e523b739c | author: Antoine Rey
method: org.springframework.samples.petclinic.vet.VetController.VetController | lines: 40:42 | file: D:\msdecomp\2022_microservice_tools\code\scripts\metrics\casestudies/spring-petclinic/src/main/java/org/springframework/samples/petclinic/vet/VetController.java
commit: c5763046dde0fad4524d44c1b687d6afe287507f | author: Shweta Tyagi
commit: 4e1f87407d80cdb4a5a293de89d62034fdcbb847 | author: Dave Syer
commit: 5270246eb587ca4837889aefb37f26b8019aca4f | author: Stephane Nicoll
commit: 8eb5074770eb8d943e0aee0bcdc28f62149e7344 | author: Aiden-at-508687582768
commit: 4be8ba2c4349616e1da9d8232250e20da2daec47 | author: Antoine Rey
commit: 83ff9a50e378529993f4f772457dd24791b46438 | author: Dave Syer
commit: e38a9feebe1814ada460dea50ba45f11389fdc9f | author: Dave Syer
commit: 077f4eb1055f83aaa5de3de9532b93b10f546ef6 | author: Dapeng
commit: 09ed33a5fc01209b4190c74f405b2b1e523b739c | author: Antoine Rey
commit: c8e360298b80599c24162e4483facc4b1dd0bfb1 | author: michaelisvy
commit: 80c1d243a1be4fbec7e879dafcecb6d7036d1e0c | author: michaelisvy
commit: 2b0d07bbbae512120ee0a3171972264e60548507 | author: Mic
commit: 14f882221f9f12de71331ce3eac44c297150c373 | author: Gordon Dickens
commit: cd88b8caaefa5c4d2c702d49a54d55984e4fe00a | author: Mic
commit: 0e60b03708f7a9bcfcaaff1359cf223c754500f7 | author: Mic
commit: c4b5a98ac8af04210543ad65d081fddb5e23bdc3 | author: Mic
commit: 97aba3f4e6a3619763dcc200d355e064020c0ee8 | author: Mic
commit: c9c8c4e085015b14ca6c3db077bac05e36859907 | author: Mic
method: org.springframework.samples.petclinic.vet.VetController.addPaginationModel | lines: 55:62 | file: D:\msdecomp\2022_microservice_tools\code\scripts\metrics\casestudies/spring-petclinic/src/main/java/org/springframework/samples/petclinic/vet/VetController.java
commit: 8ad9c05f74a96f46dd4211766fbb0bc78d48f94d | author: simrin051
commit: 4e1f87407d80cdb4a5a293de89d62034fdcbb847 | author: Dave Syer
commit: 5270246eb587ca4837889aefb37f26b8019aca4f | author: Stephane Nicoll
commit: 8eb5074770eb8d943e0aee0bcdc28f62149e7344 | author: Aiden-at-508687582768
commit: 4be8ba2c4349616e1da9d8232250e20da2daec47 | author: Antoine Rey
commit: 83ff9a50e378529993f4f772457dd24791b46438 | author: Dave Syer
commit: e38a9feebe1814ada460dea50ba45f11389fdc9f | author: Dave Syer
commit: 077f4eb1055f83aaa5de3de9532b93b10f546ef6 | author: Dapeng
commit: 09ed33a5fc01209b4190c74f405b2b1e523b739c | author: Antoine Rey
commit: c8e360298b80599c24162e4483facc4b1dd0bfb1 | author: michaelisvy
commit: 80c1d243a1be4fbec7e879dafcecb6d7036d1e0c | author: michaelisvy
commit: 2b0d07bbbae512120ee0a3171972264e60548507 | author: Mic
commit: 14f882221f9f12de71331ce3eac44c297150c373 | author: Gordon Dickens
commit: cd88b8caaefa5c4d2c702d49a54d55984e4fe00a | author: Mic
commit: 0e60b03708f7a9bcfcaaff1359cf223c754500f7 | author: Mic
commit: c4b5a98ac8af04210543ad65d081fddb5e23bdc3 | author: Mic
commit: 97aba3f4e6a3619763dcc200d355e064020c0ee8 | author: Mic
commit: c9c8c4e085015b14ca6c3db077bac05e36859907 | author: Mic
method: org.springframework.samples.petclinic.vet.VetController.findPaginated | lines: 64:68 | file: D:\msdecomp\2022_microservice_tools\code\scripts\metrics\casestudies/spring-petclinic/src/main/java/org/springframework/samples/petclinic/vet/VetController.java
commit: c5763046dde0fad4524d44c1b687d6afe287507f | author: Shweta Tyagi
commit: 8ad9c05f74a96f46dd4211766fbb0bc78d48f94d | author: simrin051
method: org.springframework.samples.petclinic.vet.VetController.showResourcesVetList | lines: 71:77 | file: D:\msdecomp\2022_microservice_tools\code\scripts\metrics\casestudies/spring-petclinic/src/main/java/org/springframework/samples/petclinic/vet/VetController.java
commit: c5763046dde0fad4524d44c1b687d6afe287507f | author: Shweta Tyagi
commit: 4e1f87407d80cdb4a5a293de89d62034fdcbb847 | author: Dave Syer
commit: 5270246eb587ca4837889aefb37f26b8019aca4f | author: Stephane Nicoll
commit: 8eb5074770eb8d943e0aee0bcdc28f62149e7344 | author: Aiden-at-508687582768
commit: 4be8ba2c4349616e1da9d8232250e20da2daec47 | author: Antoine Rey
commit: 83ff9a50e378529993f4f772457dd24791b46438 | author: Dave Syer
commit: e38a9feebe1814ada460dea50ba45f11389fdc9f | author: Dave Syer
commit: 077f4eb1055f83aaa5de3de9532b93b10f546ef6 | author: Dapeng
commit: 09ed33a5fc01209b4190c74f405b2b1e523b739c | author: Antoine Rey
commit: c8e360298b80599c24162e4483facc4b1dd0bfb1 | author: michaelisvy
commit: 80c1d243a1be4fbec7e879dafcecb6d7036d1e0c | author: michaelisvy
commit: 2b0d07bbbae512120ee0a3171972264e60548507 | author: Mic
commit: 14f882221f9f12de71331ce3eac44c297150c373 | author: Gordon Dickens
commit: cd88b8caaefa5c4d2c702d49a54d55984e4fe00a | author: Mic
commit: 0e60b03708f7a9bcfcaaff1359cf223c754500f7 | author: Mic
commit: c4b5a98ac8af04210543ad65d081fddb5e23bdc3 | author: Mic
commit: 97aba3f4e6a3619763dcc200d355e064020c0ee8 | author: Mic
commit: c9c8c4e085015b14ca6c3db077bac05e36859907 | author: Mic
method: org.springframework.samples.petclinic.vet.VetController.showVetList | lines: 45:53 | file: D:\msdecomp\2022_microservice_tools\code\scripts\metrics\casestudies/spring-petclinic/src/main/java/org/springframework/samples/petclinic/vet/VetController.java
commit: 8ad9c05f74a96f46dd4211766fbb0bc78d48f94d | author: simrin051
commit: 4e1f87407d80cdb4a5a293de89d62034fdcbb847 | author: Dave Syer
commit: 5270246eb587ca4837889aefb37f26b8019aca4f | author: Stephane Nicoll
commit: 8eb5074770eb8d943e0aee0bcdc28f62149e7344 | author: Aiden-at-508687582768
commit: 4be8ba2c4349616e1da9d8232250e20da2daec47 | author: Antoine Rey
commit: 83ff9a50e378529993f4f772457dd24791b46438 | author: Dave Syer
commit: e38a9feebe1814ada460dea50ba45f11389fdc9f | author: Dave Syer
commit: 077f4eb1055f83aaa5de3de9532b93b10f546ef6 | author: Dapeng
commit: 09ed33a5fc01209b4190c74f405b2b1e523b739c | author: Antoine Rey
commit: c8e360298b80599c24162e4483facc4b1dd0bfb1 | author: michaelisvy
commit: 80c1d243a1be4fbec7e879dafcecb6d7036d1e0c | author: michaelisvy
commit: 2b0d07bbbae512120ee0a3171972264e60548507 | author: Mic
commit: 14f882221f9f12de71331ce3eac44c297150c373 | author: Gordon Dickens
commit: cd88b8caaefa5c4d2c702d49a54d55984e4fe00a | author: Mic
commit: 0e60b03708f7a9bcfcaaff1359cf223c754500f7 | author: Mic
commit: c4b5a98ac8af04210543ad65d081fddb5e23bdc3 | author: Mic
commit: 97aba3f4e6a3619763dcc200d355e064020c0ee8 | author: Mic
commit: c9c8c4e085015b14ca6c3db077bac05e36859907 | author: Mic
method: org.springframework.samples.petclinic.vet.Vets.getVetList | lines: 36:41 | file: D:\msdecomp\2022_microservice_tools\code\scripts\metrics\casestudies/spring-petclinic/src/main/java/org/springframework/samples/petclinic/vet/Vets.java
commit: 4e1f87407d80cdb4a5a293de89d62034fdcbb847 | author: Dave Syer
commit: 8b625617cb24353ee906fab080c7677a6ec37870 | author: Antoine Rey
commit: 14f882221f9f12de71331ce3eac44c297150c373 | author: Gordon Dickens
commit: 521d01db950e357cf81ef78c50daf290e92b309c | author: Costin Leau
